::1 - - [04/Jan/2018:18:31:23 +0000] "GET /users/SuPeRaDmIn HTTP/1.1" 200 9 "-" "Mozilla/5.0 (X11; Linux x86_64) AppleWebKit/537.36 (KHTML, like Gecko) Ubuntu Chromium/62.0.3202.94 Chrome/62.0.3202.94 Safari/537.36"
::1 - - [04/Jan/2018:18:31:23 +0000] "GET /favicon.ico HTTP/1.1" 200 108 "http://localhost:3030/users/SuPeRaDmIn" "Mozilla/5.0 (X11; Linux x86_64) AppleWebKit/537.36 (KHTML, like Gecko) Ubuntu Chromium/62.0.3202.94 Chrome/62.0.3202.94 Safari/537.36"
::1 - - [04/Jan/2018:18:31:48 +0000] "GET /users/SuPeRaDmIn HTTP/1.1" 200 9 "-" "Mozilla/5.0 (X11; Linux x86_64) AppleWebKit/537.36 (KHTML, like Gecko) Ubuntu Chromium/62.0.3202.94 Chrome/62.0.3202.94 Safari/537.36"
::1 - - [04/Jan/2018:18:31:48 +0000] "GET /favicon.ico HTTP/1.1" 200 108 "http://localhost:3030/users/SuPeRaDmIn" "Mozilla/5.0 (X11; Linux x86_64) AppleWebKit/537.36 (KHTML, like Gecko) Ubuntu Chromium/62.0.3202.94 Chrome/62.0.3202.94 Safari/537.36"
::1 - - [04/Jan/2018:18:31:57 +0000] "GET /users HTTP/1.1" 200 5085 "-" "Mozilla/5.0 (X11; Linux x86_64) AppleWebKit/537.36 (KHTML, like Gecko) Ubuntu Chromium/62.0.3202.94 Chrome/62.0.3202.94 Safari/537.36"
::1 - - [04/Jan/2018:18:31:57 +0000] "GET /bootstrap/css/bootstrap.min.css HTTP/1.1" 200 127343 "http://localhost:3030/users" "Mozilla/5.0 (X11; Linux x86_64) AppleWebKit/537.36 (KHTML, like Gecko) Ubuntu Chromium/62.0.3202.94 Chrome/62.0.3202.94 Safari/537.36"
::1 - - [04/Jan/2018:18:31:57 +0000] "GET /fancybox/jquery.fancybox.min.css HTTP/1.1" 200 13894 "http://localhost:3030/users" "Mozilla/5.0 (X11; Linux x86_64) AppleWebKit/537.36 (KHTML, like Gecko) Ubuntu Chromium/62.0.3202.94 Chrome/62.0.3202.94 Safari/537.36"
::1 - - [04/Jan/2018:18:31:57 +0000] "GET /font-awesome/css/font-awesome.min.css HTTP/1.1" 200 31000 "http://localhost:3030/users" "Mozilla/5.0 (X11; Linux x86_64) AppleWebKit/537.36 (KHTML, like Gecko) Ubuntu Chromium/62.0.3202.94 Chrome/62.0.3202.94 Safari/537.36"
::1 - - [04/Jan/2018:18:31:57 +0000] "GET /css/fontastic.css HTTP/1.1" 200 1266 "http://localhost:3030/users" "Mozilla/5.0 (X11; Linux x86_64) AppleWebKit/537.36 (KHTML, like Gecko) Ubuntu Chromium/62.0.3202.94 Chrome/62.0.3202.94 Safari/537.36"
::1 - - [04/Jan/2018:18:31:57 +0000] "GET /css/style.blue.css HTTP/1.1" 200 44623 "http://localhost:3030/users" "Mozilla/5.0 (X11; Linux x86_64) AppleWebKit/537.36 (KHTML, like Gecko) Ubuntu Chromium/62.0.3202.94 Chrome/62.0.3202.94 Safari/537.36"
::1 - - [04/Jan/2018:18:31:57 +0000] "GET /css/custom.css HTTP/1.1" 200 2377 "http://localhost:3030/users" "Mozilla/5.0 (X11; Linux x86_64) AppleWebKit/537.36 (KHTML, like Gecko) Ubuntu Chromium/62.0.3202.94 Chrome/62.0.3202.94 Safari/537.36"
::1 - - [04/Jan/2018:18:31:58 +0000] "GET /bootstrap/js/bootstrap.min.js HTTP/1.1" 200 50564 "http://localhost:3030/users" "Mozilla/5.0 (X11; Linux x86_64) AppleWebKit/537.36 (KHTML, like Gecko) Ubuntu Chromium/62.0.3202.94 Chrome/62.0.3202.94 Safari/537.36"
::1 - - [04/Jan/2018:18:31:58 +0000] "GET /jquery.cookie/jquery.cookie.js HTTP/1.1" 200 3121 "http://localhost:3030/users" "Mozilla/5.0 (X11; Linux x86_64) AppleWebKit/537.36 (KHTML, like Gecko) Ubuntu Chromium/62.0.3202.94 Chrome/62.0.3202.94 Safari/537.36"
::1 - - [04/Jan/2018:18:31:58 +0000] "GET /fancybox/jquery.fancybox.min.js HTTP/1.1" 200 52657 "http://localhost:3030/users" "Mozilla/5.0 (X11; Linux x86_64) AppleWebKit/537.36 (KHTML, like Gecko) Ubuntu Chromium/62.0.3202.94 Chrome/62.0.3202.94 Safari/537.36"
::1 - - [04/Jan/2018:18:31:59 +0000] "GET /js/front.js HTTP/1.1" 200 3287 "http://localhost:3030/users" "Mozilla/5.0 (X11; Linux x86_64) AppleWebKit/537.36 (KHTML, like Gecko) Ubuntu Chromium/62.0.3202.94 Chrome/62.0.3202.94 Safari/537.36"
::1 - - [04/Jan/2018:18:31:59 +0000] "GET /js/map.js HTTP/1.1" 200 3073 "http://localhost:3030/users" "Mozilla/5.0 (X11; Linux x86_64) AppleWebKit/537.36 (KHTML, like Gecko) Ubuntu Chromium/62.0.3202.94 Chrome/62.0.3202.94 Safari/537.36"
::1 - - [04/Jan/2018:18:31:59 +0000] "GET /img/logo.png HTTP/1.1" 200 81023 "http://localhost:3030/users" "Mozilla/5.0 (X11; Linux x86_64) AppleWebKit/537.36 (KHTML, like Gecko) Ubuntu Chromium/62.0.3202.94 Chrome/62.0.3202.94 Safari/537.36"
::1 - - [04/Jan/2018:18:31:59 +0000] "GET /fonts/blog.woff HTTP/1.1" 200 1504 "http://localhost:3030/css/fontastic.css" "Mozilla/5.0 (X11; Linux x86_64) AppleWebKit/537.36 (KHTML, like Gecko) Ubuntu Chromium/62.0.3202.94 Chrome/62.0.3202.94 Safari/537.36"
::1 - - [04/Jan/2018:18:31:59 +0000] "GET /img/background.jpg HTTP/1.1" 200 787276 "http://localhost:3030/users" "Mozilla/5.0 (X11; Linux x86_64) AppleWebKit/537.36 (KHTML, like Gecko) Ubuntu Chromium/62.0.3202.94 Chrome/62.0.3202.94 Safari/537.36"
::1 - - [04/Jan/2018:18:32:04 +0000] "GET /favicon.ico HTTP/1.1" 200 108 "http://localhost:3030/users" "Mozilla/5.0 (X11; Linux x86_64) AppleWebKit/537.36 (KHTML, like Gecko) Ubuntu Chromium/62.0.3202.94 Chrome/62.0.3202.94 Safari/537.36"
::1 - - [04/Jan/2018:18:34:56 +0000] "GET /users HTTP/1.1" 200 5085 "-" "Mozilla/5.0 (X11; Linux x86_64) AppleWebKit/537.36 (KHTML, like Gecko) Ubuntu Chromium/62.0.3202.94 Chrome/62.0.3202.94 Safari/537.36"
::1 - - [04/Jan/2018:18:34:56 +0000] "GET /font-awesome/css/font-awesome.min.css HTTP/1.1" 200 31000 "http://localhost:3030/users" "Mozilla/5.0 (X11; Linux x86_64) AppleWebKit/537.36 (KHTML, like Gecko) Ubuntu Chromium/62.0.3202.94 Chrome/62.0.3202.94 Safari/537.36"
::1 - - [04/Jan/2018:18:34:56 +0000] "GET /css/fontastic.css HTTP/1.1" 200 1266 "http://localhost:3030/users" "Mozilla/5.0 (X11; Linux x86_64) AppleWebKit/537.36 (KHTML, like Gecko) Ubuntu Chromium/62.0.3202.94 Chrome/62.0.3202.94 Safari/537.36"
::1 - - [04/Jan/2018:18:34:56 +0000] "GET /bootstrap/css/bootstrap.min.css HTTP/1.1" 200 127343 "http://localhost:3030/users" "Mozilla/5.0 (X11; Linux x86_64) AppleWebKit/537.36 (KHTML, like Gecko) Ubuntu Chromium/62.0.3202.94 Chrome/62.0.3202.94 Safari/537.36"
::1 - - [04/Jan/2018:18:34:56 +0000] "GET /fancybox/jquery.fancybox.min.css HTTP/1.1" 200 13894 "http://localhost:3030/users" "Mozilla/5.0 (X11; Linux x86_64) AppleWebKit/537.36 (KHTML, like Gecko) Ubuntu Chromium/62.0.3202.94 Chrome/62.0.3202.94 Safari/537.36"
::1 - - [04/Jan/2018:18:34:56 +0000] "GET /css/style.blue.css HTTP/1.1" 200 44623 "http://localhost:3030/users" "Mozilla/5.0 (X11; Linux x86_64) AppleWebKit/537.36 (KHTML, like Gecko) Ubuntu Chromium/62.0.3202.94 Chrome/62.0.3202.94 Safari/537.36"
::1 - - [04/Jan/2018:18:34:57 +0000] "GET /css/custom.css HTTP/1.1" 200 2377 "http://localhost:3030/users" "Mozilla/5.0 (X11; Linux x86_64) AppleWebKit/537.36 (KHTML, like Gecko) Ubuntu Chromium/62.0.3202.94 Chrome/62.0.3202.94 Safari/537.36"
::1 - - [04/Jan/2018:18:34:57 +0000] "GET /bootstrap/js/bootstrap.min.js HTTP/1.1" 200 50564 "http://localhost:3030/users" "Mozilla/5.0 (X11; Linux x86_64) AppleWebKit/537.36 (KHTML, like Gecko) Ubuntu Chromium/62.0.3202.94 Chrome/62.0.3202.94 Safari/537.36"
::1 - - [04/Jan/2018:18:34:57 +0000] "GET /jquery.cookie/jquery.cookie.js HTTP/1.1" 200 3121 "http://localhost:3030/users" "Mozilla/5.0 (X11; Linux x86_64) AppleWebKit/537.36 (KHTML, like Gecko) Ubuntu Chromium/62.0.3202.94 Chrome/62.0.3202.94 Safari/537.36"
::1 - - [04/Jan/2018:18:34:57 +0000] "GET /fancybox/jquery.fancybox.min.js HTTP/1.1" 200 52657 "http://localhost:3030/users" "Mozilla/5.0 (X11; Linux x86_64) AppleWebKit/537.36 (KHTML, like Gecko) Ubuntu Chromium/62.0.3202.94 Chrome/62.0.3202.94 Safari/537.36"
::1 - - [04/Jan/2018:18:34:57 +0000] "GET /js/front.js HTTP/1.1" 200 3287 "http://localhost:3030/users" "Mozilla/5.0 (X11; Linux x86_64) AppleWebKit/537.36 (KHTML, like Gecko) Ubuntu Chromium/62.0.3202.94 Chrome/62.0.3202.94 Safari/537.36"
::1 - - [04/Jan/2018:18:34:57 +0000] "GET /js/map.js HTTP/1.1" 200 3073 "http://localhost:3030/users" "Mozilla/5.0 (X11; Linux x86_64) AppleWebKit/537.36 (KHTML, like Gecko) Ubuntu Chromium/62.0.3202.94 Chrome/62.0.3202.94 Safari/537.36"
::1 - - [04/Jan/2018:18:34:57 +0000] "GET /img/logo.png HTTP/1.1" 200 81023 "http://localhost:3030/users" "Mozilla/5.0 (X11; Linux x86_64) AppleWebKit/537.36 (KHTML, like Gecko) Ubuntu Chromium/62.0.3202.94 Chrome/62.0.3202.94 Safari/537.36"
::1 - - [04/Jan/2018:18:34:57 +0000] "GET /fonts/blog.woff HTTP/1.1" 200 1504 "http://localhost:3030/css/fontastic.css" "Mozilla/5.0 (X11; Linux x86_64) AppleWebKit/537.36 (KHTML, like Gecko) Ubuntu Chromium/62.0.3202.94 Chrome/62.0.3202.94 Safari/537.36"
::1 - - [04/Jan/2018:18:34:57 +0000] "GET /img/background.jpg HTTP/1.1" 200 787276 "http://localhost:3030/users" "Mozilla/5.0 (X11; Linux x86_64) AppleWebKit/537.36 (KHTML, like Gecko) Ubuntu Chromium/62.0.3202.94 Chrome/62.0.3202.94 Safari/537.36"
::1 - - [04/Jan/2018:18:35:00 +0000] "GET /favicon.ico HTTP/1.1" 200 108 "http://localhost:3030/users" "Mozilla/5.0 (X11; Linux x86_64) AppleWebKit/537.36 (KHTML, like Gecko) Ubuntu Chromium/62.0.3202.94 Chrome/62.0.3202.94 Safari/537.36"
::1 - - [04/Jan/2018:19:24:58 +0000] "GET /users HTTP/1.1" 200 5085 "-" "Mozilla/5.0 (X11; Linux x86_64) AppleWebKit/537.36 (KHTML, like Gecko) Ubuntu Chromium/62.0.3202.94 Chrome/62.0.3202.94 Safari/537.36"
::1 - - [04/Jan/2018:19:24:58 +0000] "GET /font-awesome/css/font-awesome.min.css HTTP/1.1" 200 31000 "http://localhost:3030/users" "Mozilla/5.0 (X11; Linux x86_64) AppleWebKit/537.36 (KHTML, like Gecko) Ubuntu Chromium/62.0.3202.94 Chrome/62.0.3202.94 Safari/537.36"
::1 - - [04/Jan/2018:19:24:58 +0000] "GET /css/fontastic.css HTTP/1.1" 200 1266 "http://localhost:3030/users" "Mozilla/5.0 (X11; Linux x86_64) AppleWebKit/537.36 (KHTML, like Gecko) Ubuntu Chromium/62.0.3202.94 Chrome/62.0.3202.94 Safari/537.36"
::1 - - [04/Jan/2018:19:24:58 +0000] "GET /bootstrap/css/bootstrap.min.css HTTP/1.1" 200 127343 "http://localhost:3030/users" "Mozilla/5.0 (X11; Linux x86_64) AppleWebKit/537.36 (KHTML, like Gecko) Ubuntu Chromium/62.0.3202.94 Chrome/62.0.3202.94 Safari/537.36"
::1 - - [04/Jan/2018:19:24:58 +0000] "GET /fancybox/jquery.fancybox.min.css HTTP/1.1" 200 13894 "http://localhost:3030/users" "Mozilla/5.0 (X11; Linux x86_64) AppleWebKit/537.36 (KHTML, like Gecko) Ubuntu Chromium/62.0.3202.94 Chrome/62.0.3202.94 Safari/537.36"
::1 - - [04/Jan/2018:19:24:59 +0000] "GET /css/custom.css HTTP/1.1" 200 2377 "http://localhost:3030/users" "Mozilla/5.0 (X11; Linux x86_64) AppleWebKit/537.36 (KHTML, like Gecko) Ubuntu Chromium/62.0.3202.94 Chrome/62.0.3202.94 Safari/537.36"
::1 - - [04/Jan/2018:19:24:59 +0000] "GET /css/style.blue.css HTTP/1.1" 200 44623 "http://localhost:3030/users" "Mozilla/5.0 (X11; Linux x86_64) AppleWebKit/537.36 (KHTML, like Gecko) Ubuntu Chromium/62.0.3202.94 Chrome/62.0.3202.94 Safari/537.36"
::1 - - [04/Jan/2018:19:24:59 +0000] "GET /bootstrap/js/bootstrap.min.js HTTP/1.1" 200 50564 "http://localhost:3030/users" "Mozilla/5.0 (X11; Linux x86_64) AppleWebKit/537.36 (KHTML, like Gecko) Ubuntu Chromium/62.0.3202.94 Chrome/62.0.3202.94 Safari/537.36"
::1 - - [04/Jan/2018:19:24:59 +0000] "GET /jquery.cookie/jquery.cookie.js HTTP/1.1" 200 3121 "http://localhost:3030/users" "Mozilla/5.0 (X11; Linux x86_64) AppleWebKit/537.36 (KHTML, like Gecko) Ubuntu Chromium/62.0.3202.94 Chrome/62.0.3202.94 Safari/537.36"
::1 - - [04/Jan/2018:19:24:59 +0000] "GET /fancybox/jquery.fancybox.min.js HTTP/1.1" 200 52657 "http://localhost:3030/users" "Mozilla/5.0 (X11; Linux x86_64) AppleWebKit/537.36 (KHTML, like Gecko) Ubuntu Chromium/62.0.3202.94 Chrome/62.0.3202.94 Safari/537.36"
::1 - - [04/Jan/2018:19:24:59 +0000] "GET /js/front.js HTTP/1.1" 200 3287 "http://localhost:3030/users" "Mozilla/5.0 (X11; Linux x86_64) AppleWebKit/537.36 (KHTML, like Gecko) Ubuntu Chromium/62.0.3202.94 Chrome/62.0.3202.94 Safari/537.36"
::1 - - [04/Jan/2018:19:24:59 +0000] "GET /js/map.js HTTP/1.1" 200 3073 "http://localhost:3030/users" "Mozilla/5.0 (X11; Linux x86_64) AppleWebKit/537.36 (KHTML, like Gecko) Ubuntu Chromium/62.0.3202.94 Chrome/62.0.3202.94 Safari/537.36"
::1 - - [04/Jan/2018:19:24:59 +0000] "GET /fonts/blog.woff HTTP/1.1" 200 1504 "http://localhost:3030/css/fontastic.css" "Mozilla/5.0 (X11; Linux x86_64) AppleWebKit/537.36 (KHTML, like Gecko) Ubuntu Chromium/62.0.3202.94 Chrome/62.0.3202.94 Safari/537.36"
::1 - - [04/Jan/2018:19:24:59 +0000] "GET /img/logo.png HTTP/1.1" 200 81023 "http://localhost:3030/users" "Mozilla/5.0 (X11; Linux x86_64) AppleWebKit/537.36 (KHTML, like Gecko) Ubuntu Chromium/62.0.3202.94 Chrome/62.0.3202.94 Safari/537.36"
::1 - - [04/Jan/2018:19:24:59 +0000] "GET /img/background.jpg HTTP/1.1" 200 787276 "http://localhost:3030/users" "Mozilla/5.0 (X11; Linux x86_64) AppleWebKit/537.36 (KHTML, like Gecko) Ubuntu Chromium/62.0.3202.94 Chrome/62.0.3202.94 Safari/537.36"
::1 - - [04/Jan/2018:19:25:03 +0000] "GET /favicon.ico HTTP/1.1" 200 108 "http://localhost:3030/users" "Mozilla/5.0 (X11; Linux x86_64) AppleWebKit/537.36 (KHTML, like Gecko) Ubuntu Chromium/62.0.3202.94 Chrome/62.0.3202.94 Safari/537.36"
::1 - - [04/Jan/2018:19:25:04 +0000] "GET /users/login HTTP/1.1" 200 166 "-" "Mozilla/5.0 (X11; Linux x86_64) AppleWebKit/537.36 (KHTML, like Gecko) Ubuntu Chromium/62.0.3202.94 Chrome/62.0.3202.94 Safari/537.36"
::1 - - [04/Jan/2018:19:25:04 +0000] "GET /favicon.ico HTTP/1.1" 200 108 "http://localhost:3030/users/login" "Mozilla/5.0 (X11; Linux x86_64) AppleWebKit/537.36 (KHTML, like Gecko) Ubuntu Chromium/62.0.3202.94 Chrome/62.0.3202.94 Safari/537.36"
::1 - - [04/Jan/2018:19:26:03 +0000] "POST /users/login HTTP/1.1" 302 43 "http://localhost:3030/users/login" "Mozilla/5.0 (X11; Linux x86_64) AppleWebKit/537.36 (KHTML, like Gecko) Ubuntu Chromium/62.0.3202.94 Chrome/62.0.3202.94 Safari/537.36"
::1 - - [04/Jan/2018:19:26:03 +0000] "GET /users HTTP/1.1" 200 5085 "http://localhost:3030/users/login" "Mozilla/5.0 (X11; Linux x86_64) AppleWebKit/537.36 (KHTML, like Gecko) Ubuntu Chromium/62.0.3202.94 Chrome/62.0.3202.94 Safari/537.36"
::1 - - [04/Jan/2018:19:26:03 +0000] "GET /bootstrap/css/bootstrap.min.css HTTP/1.1" 200 127343 "http://localhost:3030/users" "Mozilla/5.0 (X11; Linux x86_64) AppleWebKit/537.36 (KHTML, like Gecko) Ubuntu Chromium/62.0.3202.94 Chrome/62.0.3202.94 Safari/537.36"
::1 - - [04/Jan/2018:19:26:03 +0000] "GET /font-awesome/css/font-awesome.min.css HTTP/1.1" 200 31000 "http://localhost:3030/users" "Mozilla/5.0 (X11; Linux x86_64) AppleWebKit/537.36 (KHTML, like Gecko) Ubuntu Chromium/62.0.3202.94 Chrome/62.0.3202.94 Safari/537.36"
::1 - - [04/Jan/2018:19:26:03 +0000] "GET /css/fontastic.css HTTP/1.1" 200 1266 "http://localhost:3030/users" "Mozilla/5.0 (X11; Linux x86_64) AppleWebKit/537.36 (KHTML, like Gecko) Ubuntu Chromium/62.0.3202.94 Chrome/62.0.3202.94 Safari/537.36"
::1 - - [04/Jan/2018:19:26:04 +0000] "GET /fancybox/jquery.fancybox.min.css HTTP/1.1" 200 13894 "http://localhost:3030/users" "Mozilla/5.0 (X11; Linux x86_64) AppleWebKit/537.36 (KHTML, like Gecko) Ubuntu Chromium/62.0.3202.94 Chrome/62.0.3202.94 Safari/537.36"
::1 - - [04/Jan/2018:19:26:04 +0000] "GET /css/style.blue.css HTTP/1.1" 200 44623 "http://localhost:3030/users" "Mozilla/5.0 (X11; Linux x86_64) AppleWebKit/537.36 (KHTML, like Gecko) Ubuntu Chromium/62.0.3202.94 Chrome/62.0.3202.94 Safari/537.36"
::1 - - [04/Jan/2018:19:26:04 +0000] "GET /css/custom.css HTTP/1.1" 200 2377 "http://localhost:3030/users" "Mozilla/5.0 (X11; Linux x86_64) AppleWebKit/537.36 (KHTML, like Gecko) Ubuntu Chromium/62.0.3202.94 Chrome/62.0.3202.94 Safari/537.36"
::1 - - [04/Jan/2018:19:26:04 +0000] "GET /bootstrap/js/bootstrap.min.js HTTP/1.1" 200 50564 "http://localhost:3030/users" "Mozilla/5.0 (X11; Linux x86_64) AppleWebKit/537.36 (KHTML, like Gecko) Ubuntu Chromium/62.0.3202.94 Chrome/62.0.3202.94 Safari/537.36"
::1 - - [04/Jan/2018:19:26:04 +0000] "GET /fancybox/jquery.fancybox.min.js HTTP/1.1" 200 52657 "http://localhost:3030/users" "Mozilla/5.0 (X11; Linux x86_64) AppleWebKit/537.36 (KHTML, like Gecko) Ubuntu Chromium/62.0.3202.94 Chrome/62.0.3202.94 Safari/537.36"
::1 - - [04/Jan/2018:19:26:04 +0000] "GET /js/front.js HTTP/1.1" 200 3287 "http://localhost:3030/users" "Mozilla/5.0 (X11; Linux x86_64) AppleWebKit/537.36 (KHTML, like Gecko) Ubuntu Chromium/62.0.3202.94 Chrome/62.0.3202.94 Safari/537.36"
::1 - - [04/Jan/2018:19:26:04 +0000] "GET /js/map.js HTTP/1.1" 200 3073 "http://localhost:3030/users" "Mozilla/5.0 (X11; Linux x86_64) AppleWebKit/537.36 (KHTML, like Gecko) Ubuntu Chromium/62.0.3202.94 Chrome/62.0.3202.94 Safari/537.36"
::1 - - [04/Jan/2018:19:26:04 +0000] "GET /jquery.cookie/jquery.cookie.js HTTP/1.1" 200 3121 "http://localhost:3030/users" "Mozilla/5.0 (X11; Linux x86_64) AppleWebKit/537.36 (KHTML, like Gecko) Ubuntu Chromium/62.0.3202.94 Chrome/62.0.3202.94 Safari/537.36"
::1 - - [04/Jan/2018:19:26:04 +0000] "GET /img/logo.png HTTP/1.1" 200 81023 "http://localhost:3030/users" "Mozilla/5.0 (X11; Linux x86_64) AppleWebKit/537.36 (KHTML, like Gecko) Ubuntu Chromium/62.0.3202.94 Chrome/62.0.3202.94 Safari/537.36"
::1 - - [04/Jan/2018:19:26:04 +0000] "GET /fonts/blog.woff HTTP/1.1" 200 1504 "http://localhost:3030/css/fontastic.css" "Mozilla/5.0 (X11; Linux x86_64) AppleWebKit/537.36 (KHTML, like Gecko) Ubuntu Chromium/62.0.3202.94 Chrome/62.0.3202.94 Safari/537.36"
::1 - - [04/Jan/2018:19:26:04 +0000] "GET /img/background.jpg HTTP/1.1" 200 787276 "http://localhost:3030/users" "Mozilla/5.0 (X11; Linux x86_64) AppleWebKit/537.36 (KHTML, like Gecko) Ubuntu Chromium/62.0.3202.94 Chrome/62.0.3202.94 Safari/537.36"
::1 - - [04/Jan/2018:19:26:06 +0000] "GET /favicon.ico HTTP/1.1" 200 108 "http://localhost:3030/users" "Mozilla/5.0 (X11; Linux x86_64) AppleWebKit/537.36 (KHTML, like Gecko) Ubuntu Chromium/62.0.3202.94 Chrome/62.0.3202.94 Safari/537.36"
::1 - - [04/Jan/2018:19:34:33 +0000] "GET /users HTTP/1.1" 200 18 "http://localhost:3030/users/login" "Mozilla/5.0 (X11; Linux x86_64) AppleWebKit/537.36 (KHTML, like Gecko) Ubuntu Chromium/62.0.3202.94 Chrome/62.0.3202.94 Safari/537.36"
::1 - - [04/Jan/2018:19:34:33 +0000] "GET /favicon.ico HTTP/1.1" 200 108 "http://localhost:3030/users" "Mozilla/5.0 (X11; Linux x86_64) AppleWebKit/537.36 (KHTML, like Gecko) Ubuntu Chromium/62.0.3202.94 Chrome/62.0.3202.94 Safari/537.36"
::1 - - [04/Jan/2018:19:38:49 +0000] "GET /users HTTP/1.1" - - "http://localhost:3030/users/login" "Mozilla/5.0 (X11; Linux x86_64) AppleWebKit/537.36 (KHTML, like Gecko) Ubuntu Chromium/62.0.3202.94 Chrome/62.0.3202.94 Safari/537.36"
::1 - - [04/Jan/2018:19:38:59 +0000] "GET /users HTTP/1.1" 200 5085 "http://localhost:3030/users/login" "Mozilla/5.0 (X11; Linux x86_64) AppleWebKit/537.36 (KHTML, like Gecko) Ubuntu Chromium/62.0.3202.94 Chrome/62.0.3202.94 Safari/537.36"
::1 - - [04/Jan/2018:19:38:59 +0000] "GET /bootstrap/css/bootstrap.min.css HTTP/1.1" 200 127343 "http://localhost:3030/users" "Mozilla/5.0 (X11; Linux x86_64) AppleWebKit/537.36 (KHTML, like Gecko) Ubuntu Chromium/62.0.3202.94 Chrome/62.0.3202.94 Safari/537.36"
::1 - - [04/Jan/2018:19:38:59 +0000] "GET /font-awesome/css/font-awesome.min.css HTTP/1.1" 200 31000 "http://localhost:3030/users" "Mozilla/5.0 (X11; Linux x86_64) AppleWebKit/537.36 (KHTML, like Gecko) Ubuntu Chromium/62.0.3202.94 Chrome/62.0.3202.94 Safari/537.36"
::1 - - [04/Jan/2018:19:38:59 +0000] "GET /css/fontastic.css HTTP/1.1" 200 1266 "http://localhost:3030/users" "Mozilla/5.0 (X11; Linux x86_64) AppleWebKit/537.36 (KHTML, like Gecko) Ubuntu Chromium/62.0.3202.94 Chrome/62.0.3202.94 Safari/537.36"
::1 - - [04/Jan/2018:19:38:59 +0000] "GET /fancybox/jquery.fancybox.min.css HTTP/1.1" 200 13894 "http://localhost:3030/users" "Mozilla/5.0 (X11; Linux x86_64) AppleWebKit/537.36 (KHTML, like Gecko) Ubuntu Chromium/62.0.3202.94 Chrome/62.0.3202.94 Safari/537.36"
::1 - - [04/Jan/2018:19:38:59 +0000] "GET /css/style.blue.css HTTP/1.1" 200 44623 "http://localhost:3030/users" "Mozilla/5.0 (X11; Linux x86_64) AppleWebKit/537.36 (KHTML, like Gecko) Ubuntu Chromium/62.0.3202.94 Chrome/62.0.3202.94 Safari/537.36"
::1 - - [04/Jan/2018:19:38:59 +0000] "GET /css/custom.css HTTP/1.1" 200 2377 "http://localhost:3030/users" "Mozilla/5.0 (X11; Linux x86_64) AppleWebKit/537.36 (KHTML, like Gecko) Ubuntu Chromium/62.0.3202.94 Chrome/62.0.3202.94 Safari/537.36"
::1 - - [04/Jan/2018:19:38:59 +0000] "GET /bootstrap/js/bootstrap.min.js HTTP/1.1" 200 50564 "http://localhost:3030/users" "Mozilla/5.0 (X11; Linux x86_64) AppleWebKit/537.36 (KHTML, like Gecko) Ubuntu Chromium/62.0.3202.94 Chrome/62.0.3202.94 Safari/537.36"
::1 - - [04/Jan/2018:19:38:59 +0000] "GET /jquery.cookie/jquery.cookie.js HTTP/1.1" 200 3121 "http://localhost:3030/users" "Mozilla/5.0 (X11; Linux x86_64) AppleWebKit/537.36 (KHTML, like Gecko) Ubuntu Chromium/62.0.3202.94 Chrome/62.0.3202.94 Safari/537.36"
::1 - - [04/Jan/2018:19:38:59 +0000] "GET /fancybox/jquery.fancybox.min.js HTTP/1.1" 200 52657 "http://localhost:3030/users" "Mozilla/5.0 (X11; Linux x86_64) AppleWebKit/537.36 (KHTML, like Gecko) Ubuntu Chromium/62.0.3202.94 Chrome/62.0.3202.94 Safari/537.36"
::1 - - [04/Jan/2018:19:38:59 +0000] "GET /js/front.js HTTP/1.1" 200 3287 "http://localhost:3030/users" "Mozilla/5.0 (X11; Linux x86_64) AppleWebKit/537.36 (KHTML, like Gecko) Ubuntu Chromium/62.0.3202.94 Chrome/62.0.3202.94 Safari/537.36"
::1 - - [04/Jan/2018:19:38:59 +0000] "GET /js/map.js HTTP/1.1" 200 3073 "http://localhost:3030/users" "Mozilla/5.0 (X11; Linux x86_64) AppleWebKit/537.36 (KHTML, like Gecko) Ubuntu Chromium/62.0.3202.94 Chrome/62.0.3202.94 Safari/537.36"
::1 - - [04/Jan/2018:19:38:59 +0000] "GET /img/logo.png HTTP/1.1" 200 81023 "http://localhost:3030/users" "Mozilla/5.0 (X11; Linux x86_64) AppleWebKit/537.36 (KHTML, like Gecko) Ubuntu Chromium/62.0.3202.94 Chrome/62.0.3202.94 Safari/537.36"
::1 - - [04/Jan/2018:19:38:59 +0000] "GET /fonts/blog.woff HTTP/1.1" 200 1504 "http://localhost:3030/css/fontastic.css" "Mozilla/5.0 (X11; Linux x86_64) AppleWebKit/537.36 (KHTML, like Gecko) Ubuntu Chromium/62.0.3202.94 Chrome/62.0.3202.94 Safari/537.36"
::1 - - [04/Jan/2018:19:38:59 +0000] "GET /img/background.jpg HTTP/1.1" 200 787276 "http://localhost:3030/users" "Mozilla/5.0 (X11; Linux x86_64) AppleWebKit/537.36 (KHTML, like Gecko) Ubuntu Chromium/62.0.3202.94 Chrome/62.0.3202.94 Safari/537.36"
::1 - - [04/Jan/2018:19:39:02 +0000] "GET /favicon.ico HTTP/1.1" 200 108 "http://localhost:3030/users" "Mozilla/5.0 (X11; Linux x86_64) AppleWebKit/537.36 (KHTML, like Gecko) Ubuntu Chromium/62.0.3202.94 Chrome/62.0.3202.94 Safari/537.36"
::1 - - [04/Jan/2018:19:39:08 +0000] "GET /bootstrap/js/bootstrap.min.js.map HTTP/1.1" 200 130 "-" "Mozilla/5.0 (X11; Linux x86_64) AppleWebKit/537.36 (KHTML, like Gecko) Ubuntu Chromium/62.0.3202.94 Chrome/62.0.3202.94 Safari/537.36"
::1 - - [04/Jan/2018:19:39:08 +0000] "GET /font-awesome/css/font-awesome.min.css HTTP/1.1" 200 31000 "http://localhost:3030/users" "Mozilla/5.0 (X11; Linux x86_64) AppleWebKit/537.36 (KHTML, like Gecko) Ubuntu Chromium/62.0.3202.94 Chrome/62.0.3202.94 Safari/537.36"
::1 - - [04/Jan/2018:19:39:08 +0000] "GET /css/fontastic.css HTTP/1.1" 200 1266 "http://localhost:3030/users" "Mozilla/5.0 (X11; Linux x86_64) AppleWebKit/537.36 (KHTML, like Gecko) Ubuntu Chromium/62.0.3202.94 Chrome/62.0.3202.94 Safari/537.36"
::1 - - [04/Jan/2018:19:39:08 +0000] "GET /fancybox/jquery.fancybox.min.css HTTP/1.1" 200 13894 "http://localhost:3030/users" "Mozilla/5.0 (X11; Linux x86_64) AppleWebKit/537.36 (KHTML, like Gecko) Ubuntu Chromium/62.0.3202.94 Chrome/62.0.3202.94 Safari/537.36"
::1 - - [04/Jan/2018:19:39:08 +0000] "GET /css/style.blue.css HTTP/1.1" 200 44623 "http://localhost:3030/users" "Mozilla/5.0 (X11; Linux x86_64) AppleWebKit/537.36 (KHTML, like Gecko) Ubuntu Chromium/62.0.3202.94 Chrome/62.0.3202.94 Safari/537.36"
::1 - - [04/Jan/2018:19:39:08 +0000] "GET /bootstrap/css/bootstrap.min.css HTTP/1.1" 200 127343 "http://localhost:3030/users" "Mozilla/5.0 (X11; Linux x86_64) AppleWebKit/537.36 (KHTML, like Gecko) Ubuntu Chromium/62.0.3202.94 Chrome/62.0.3202.94 Safari/537.36"
::1 - - [04/Jan/2018:19:39:08 +0000] "GET /css/custom.css HTTP/1.1" 200 2377 "http://localhost:3030/users" "Mozilla/5.0 (X11; Linux x86_64) AppleWebKit/537.36 (KHTML, like Gecko) Ubuntu Chromium/62.0.3202.94 Chrome/62.0.3202.94 Safari/537.36"
::1 - - [04/Jan/2018:19:39:08 +0000] "GET /bootstrap/css/bootstrap.min.css.map HTTP/1.1" 200 132 "-" "Mozilla/5.0 (X11; Linux x86_64) AppleWebKit/537.36 (KHTML, like Gecko) Ubuntu Chromium/62.0.3202.94 Chrome/62.0.3202.94 Safari/537.36"
::1 - - [04/Jan/2018:19:45:25 +0000] "GET /users/login HTTP/1.1" 200 166 "-" "Mozilla/5.0 (X11; Linux x86_64) AppleWebKit/537.36 (KHTML, like Gecko) Ubuntu Chromium/62.0.3202.94 Chrome/62.0.3202.94 Safari/537.36"
::1 - - [04/Jan/2018:19:45:25 +0000] "GET /favicon.ico HTTP/1.1" 200 108 "http://localhost:3030/users/login" "Mozilla/5.0 (X11; Linux x86_64) AppleWebKit/537.36 (KHTML, like Gecko) Ubuntu Chromium/62.0.3202.94 Chrome/62.0.3202.94 Safari/537.36"
::1 - - [04/Jan/2018:19:47:37 +0000] "POST /users/login HTTP/1.1" 302 43 "http://localhost:3030/users/login" "Mozilla/5.0 (X11; Linux x86_64) AppleWebKit/537.36 (KHTML, like Gecko) Ubuntu Chromium/62.0.3202.94 Chrome/62.0.3202.94 Safari/537.36"
::1 - - [04/Jan/2018:19:49:06 +0000] "GET /users HTTP/1.1" 200 5085 "http://localhost:3030/users/login" "Mozilla/5.0 (X11; Linux x86_64) AppleWebKit/537.36 (KHTML, like Gecko) Ubuntu Chromium/62.0.3202.94 Chrome/62.0.3202.94 Safari/537.36"
::1 - - [04/Jan/2018:19:49:06 +0000] "GET /bootstrap/css/bootstrap.min.css HTTP/1.1" 200 127343 "http://localhost:3030/users" "Mozilla/5.0 (X11; Linux x86_64) AppleWebKit/537.36 (KHTML, like Gecko) Ubuntu Chromium/62.0.3202.94 Chrome/62.0.3202.94 Safari/537.36"
::1 - - [04/Jan/2018:19:49:06 +0000] "GET /font-awesome/css/font-awesome.min.css HTTP/1.1" 200 31000 "http://localhost:3030/users" "Mozilla/5.0 (X11; Linux x86_64) AppleWebKit/537.36 (KHTML, like Gecko) Ubuntu Chromium/62.0.3202.94 Chrome/62.0.3202.94 Safari/537.36"
::1 - - [04/Jan/2018:19:49:06 +0000] "GET /css/fontastic.css HTTP/1.1" 200 1266 "http://localhost:3030/users" "Mozilla/5.0 (X11; Linux x86_64) AppleWebKit/537.36 (KHTML, like Gecko) Ubuntu Chromium/62.0.3202.94 Chrome/62.0.3202.94 Safari/537.36"
::1 - - [04/Jan/2018:19:49:06 +0000] "GET /fancybox/jquery.fancybox.min.css HTTP/1.1" 200 13894 "http://localhost:3030/users" "Mozilla/5.0 (X11; Linux x86_64) AppleWebKit/537.36 (KHTML, like Gecko) Ubuntu Chromium/62.0.3202.94 Chrome/62.0.3202.94 Safari/537.36"
::1 - - [04/Jan/2018:19:49:06 +0000] "GET /css/style.blue.css HTTP/1.1" 200 44623 "http://localhost:3030/users" "Mozilla/5.0 (X11; Linux x86_64) AppleWebKit/537.36 (KHTML, like Gecko) Ubuntu Chromium/62.0.3202.94 Chrome/62.0.3202.94 Safari/537.36"
::1 - - [04/Jan/2018:19:49:06 +0000] "GET /css/custom.css HTTP/1.1" 200 2377 "http://localhost:3030/users" "Mozilla/5.0 (X11; Linux x86_64) AppleWebKit/537.36 (KHTML, like Gecko) Ubuntu Chromium/62.0.3202.94 Chrome/62.0.3202.94 Safari/537.36"
::1 - - [04/Jan/2018:19:49:06 +0000] "GET /bootstrap/js/bootstrap.min.js HTTP/1.1" 200 50564 "http://localhost:3030/users" "Mozilla/5.0 (X11; Linux x86_64) AppleWebKit/537.36 (KHTML, like Gecko) Ubuntu Chromium/62.0.3202.94 Chrome/62.0.3202.94 Safari/537.36"
::1 - - [04/Jan/2018:19:49:06 +0000] "GET /jquery.cookie/jquery.cookie.js HTTP/1.1" 200 3121 "http://localhost:3030/users" "Mozilla/5.0 (X11; Linux x86_64) AppleWebKit/537.36 (KHTML, like Gecko) Ubuntu Chromium/62.0.3202.94 Chrome/62.0.3202.94 Safari/537.36"
::1 - - [04/Jan/2018:19:49:06 +0000] "GET /fancybox/jquery.fancybox.min.js HTTP/1.1" 200 52657 "http://localhost:3030/users" "Mozilla/5.0 (X11; Linux x86_64) AppleWebKit/537.36 (KHTML, like Gecko) Ubuntu Chromium/62.0.3202.94 Chrome/62.0.3202.94 Safari/537.36"
::1 - - [04/Jan/2018:19:49:06 +0000] "GET /js/front.js HTTP/1.1" 200 3287 "http://localhost:3030/users" "Mozilla/5.0 (X11; Linux x86_64) AppleWebKit/537.36 (KHTML, like Gecko) Ubuntu Chromium/62.0.3202.94 Chrome/62.0.3202.94 Safari/537.36"
::1 - - [04/Jan/2018:19:49:06 +0000] "GET /js/map.js HTTP/1.1" 200 3073 "http://localhost:3030/users" "Mozilla/5.0 (X11; Linux x86_64) AppleWebKit/537.36 (KHTML, like Gecko) Ubuntu Chromium/62.0.3202.94 Chrome/62.0.3202.94 Safari/537.36"
::1 - - [04/Jan/2018:19:49:07 +0000] "GET /img/logo.png HTTP/1.1" 200 81023 "http://localhost:3030/users" "Mozilla/5.0 (X11; Linux x86_64) AppleWebKit/537.36 (KHTML, like Gecko) Ubuntu Chromium/62.0.3202.94 Chrome/62.0.3202.94 Safari/537.36"
::1 - - [04/Jan/2018:19:49:07 +0000] "GET /img/background.jpg HTTP/1.1" 200 787276 "http://localhost:3030/users" "Mozilla/5.0 (X11; Linux x86_64) AppleWebKit/537.36 (KHTML, like Gecko) Ubuntu Chromium/62.0.3202.94 Chrome/62.0.3202.94 Safari/537.36"
::1 - - [04/Jan/2018:19:49:07 +0000] "GET /bootstrap/js/bootstrap.min.js.map HTTP/1.1" 200 130 "-" "Mozilla/5.0 (X11; Linux x86_64) AppleWebKit/537.36 (KHTML, like Gecko) Ubuntu Chromium/62.0.3202.94 Chrome/62.0.3202.94 Safari/537.36"
::1 - - [04/Jan/2018:19:49:07 +0000] "GET /bootstrap/css/bootstrap.min.css.map HTTP/1.1" 200 132 "-" "Mozilla/5.0 (X11; Linux x86_64) AppleWebKit/537.36 (KHTML, like Gecko) Ubuntu Chromium/62.0.3202.94 Chrome/62.0.3202.94 Safari/537.36"
::1 - - [04/Jan/2018:19:49:09 +0000] "GET /img/background.jpg HTTP/1.1" 200 787276 "-" "Mozilla/5.0 (X11; Linux x86_64) AppleWebKit/537.36 (KHTML, like Gecko) Ubuntu Chromium/62.0.3202.94 Chrome/62.0.3202.94 Safari/537.36"
::1 - - [04/Jan/2018:19:49:10 +0000] "GET /favicon.ico HTTP/1.1" 200 108 "http://localhost:3030/users" "Mozilla/5.0 (X11; Linux x86_64) AppleWebKit/537.36 (KHTML, like Gecko) Ubuntu Chromium/62.0.3202.94 Chrome/62.0.3202.94 Safari/537.36"
::1 - - [04/Jan/2018:19:52:05 +0000] "GET /users/login HTTP/1.1" 200 166 "-" "Mozilla/5.0 (X11; Linux x86_64) AppleWebKit/537.36 (KHTML, like Gecko) Ubuntu Chromium/62.0.3202.94 Chrome/62.0.3202.94 Safari/537.36"
::1 - - [04/Jan/2018:19:52:06 +0000] "GET /favicon.ico HTTP/1.1" 200 108 "http://localhost:3030/users/login" "Mozilla/5.0 (X11; Linux x86_64) AppleWebKit/537.36 (KHTML, like Gecko) Ubuntu Chromium/62.0.3202.94 Chrome/62.0.3202.94 Safari/537.36"
::1 - - [04/Jan/2018:19:52:53 +0000] "POST /users/login HTTP/1.1" 302 43 "http://localhost:3030/users/login" "Mozilla/5.0 (X11; Linux x86_64) AppleWebKit/537.36 (KHTML, like Gecko) Ubuntu Chromium/62.0.3202.94 Chrome/62.0.3202.94 Safari/537.36"
::1 - - [04/Jan/2018:20:05:30 +0000] "GET /users/login HTTP/1.1" 200 166 "-" "Mozilla/5.0 (X11; Linux x86_64) AppleWebKit/537.36 (KHTML, like Gecko) Ubuntu Chromium/62.0.3202.94 Chrome/62.0.3202.94 Safari/537.36"
::1 - - [04/Jan/2018:20:05:46 +0000] "GET /users/login HTTP/1.1" 200 166 "-" "Mozilla/5.0 (X11; Linux x86_64) AppleWebKit/537.36 (KHTML, like Gecko) Ubuntu Chromium/62.0.3202.94 Chrome/62.0.3202.94 Safari/537.36"
::1 - - [04/Jan/2018:20:05:46 +0000] "GET /favicon.ico HTTP/1.1" 200 108 "http://localhost:3030/users/login" "Mozilla/5.0 (X11; Linux x86_64) AppleWebKit/537.36 (KHTML, like Gecko) Ubuntu Chromium/62.0.3202.94 Chrome/62.0.3202.94 Safari/537.36"
::1 - - [04/Jan/2018:20:06:54 +0000] "POST /users/login HTTP/1.1" 200 273 "http://localhost:3030/users/login" "Mozilla/5.0 (X11; Linux x86_64) AppleWebKit/537.36 (KHTML, like Gecko) Ubuntu Chromium/62.0.3202.94 Chrome/62.0.3202.94 Safari/537.36"
::1 - - [04/Jan/2018:20:06:54 +0000] "GET /favicon.ico HTTP/1.1" 200 108 "http://localhost:3030/users/login" "Mozilla/5.0 (X11; Linux x86_64) AppleWebKit/537.36 (KHTML, like Gecko) Ubuntu Chromium/62.0.3202.94 Chrome/62.0.3202.94 Safari/537.36"
::1 - - [04/Jan/2018:20:24:03 +0000] "GET /users HTTP/1.1" 200 5085 "-" "Mozilla/5.0 (X11; Linux x86_64) AppleWebKit/537.36 (KHTML, like Gecko) Ubuntu Chromium/62.0.3202.94 Chrome/62.0.3202.94 Safari/537.36"
::1 - - [04/Jan/2018:20:24:03 +0000] "GET /font-awesome/css/font-awesome.min.css HTTP/1.1" 200 31000 "http://localhost:3030/users" "Mozilla/5.0 (X11; Linux x86_64) AppleWebKit/537.36 (KHTML, like Gecko) Ubuntu Chromium/62.0.3202.94 Chrome/62.0.3202.94 Safari/537.36"
::1 - - [04/Jan/2018:20:24:04 +0000] "GET /css/fontastic.css HTTP/1.1" 200 1266 "http://localhost:3030/users" "Mozilla/5.0 (X11; Linux x86_64) AppleWebKit/537.36 (KHTML, like Gecko) Ubuntu Chromium/62.0.3202.94 Chrome/62.0.3202.94 Safari/537.36"
::1 - - [04/Jan/2018:20:24:04 +0000] "GET /fancybox/jquery.fancybox.min.css HTTP/1.1" 200 13894 "http://localhost:3030/users" "Mozilla/5.0 (X11; Linux x86_64) AppleWebKit/537.36 (KHTML, like Gecko) Ubuntu Chromium/62.0.3202.94 Chrome/62.0.3202.94 Safari/537.36"
::1 - - [04/Jan/2018:20:24:04 +0000] "GET /css/style.blue.css HTTP/1.1" 200 44623 "http://localhost:3030/users" "Mozilla/5.0 (X11; Linux x86_64) AppleWebKit/537.36 (KHTML, like Gecko) Ubuntu Chromium/62.0.3202.94 Chrome/62.0.3202.94 Safari/537.36"
::1 - - [04/Jan/2018:20:24:04 +0000] "GET /css/custom.css HTTP/1.1" 200 2377 "http://localhost:3030/users" "Mozilla/5.0 (X11; Linux x86_64) AppleWebKit/537.36 (KHTML, like Gecko) Ubuntu Chromium/62.0.3202.94 Chrome/62.0.3202.94 Safari/537.36"
::1 - - [04/Jan/2018:20:24:04 +0000] "GET /bootstrap/css/bootstrap.min.css HTTP/1.1" 200 127343 "http://localhost:3030/users" "Mozilla/5.0 (X11; Linux x86_64) AppleWebKit/537.36 (KHTML, like Gecko) Ubuntu Chromium/62.0.3202.94 Chrome/62.0.3202.94 Safari/537.36"
::1 - - [04/Jan/2018:20:24:04 +0000] "GET /bootstrap/js/bootstrap.min.js HTTP/1.1" 200 50564 "http://localhost:3030/users" "Mozilla/5.0 (X11; Linux x86_64) AppleWebKit/537.36 (KHTML, like Gecko) Ubuntu Chromium/62.0.3202.94 Chrome/62.0.3202.94 Safari/537.36"
::1 - - [04/Jan/2018:20:24:04 +0000] "GET /jquery.cookie/jquery.cookie.js HTTP/1.1" 200 3121 "http://localhost:3030/users" "Mozilla/5.0 (X11; Linux x86_64) AppleWebKit/537.36 (KHTML, like Gecko) Ubuntu Chromium/62.0.3202.94 Chrome/62.0.3202.94 Safari/537.36"
::1 - - [04/Jan/2018:20:24:04 +0000] "GET /fancybox/jquery.fancybox.min.js HTTP/1.1" 200 52657 "http://localhost:3030/users" "Mozilla/5.0 (X11; Linux x86_64) AppleWebKit/537.36 (KHTML, like Gecko) Ubuntu Chromium/62.0.3202.94 Chrome/62.0.3202.94 Safari/537.36"
::1 - - [04/Jan/2018:20:24:04 +0000] "GET /js/front.js HTTP/1.1" 200 3287 "http://localhost:3030/users" "Mozilla/5.0 (X11; Linux x86_64) AppleWebKit/537.36 (KHTML, like Gecko) Ubuntu Chromium/62.0.3202.94 Chrome/62.0.3202.94 Safari/537.36"
::1 - - [04/Jan/2018:20:24:04 +0000] "GET /js/map.js HTTP/1.1" 200 3073 "http://localhost:3030/users" "Mozilla/5.0 (X11; Linux x86_64) AppleWebKit/537.36 (KHTML, like Gecko) Ubuntu Chromium/62.0.3202.94 Chrome/62.0.3202.94 Safari/537.36"
::1 - - [04/Jan/2018:20:24:04 +0000] "GET /img/logo.png HTTP/1.1" 200 81023 "http://localhost:3030/users" "Mozilla/5.0 (X11; Linux x86_64) AppleWebKit/537.36 (KHTML, like Gecko) Ubuntu Chromium/62.0.3202.94 Chrome/62.0.3202.94 Safari/537.36"
::1 - - [04/Jan/2018:20:24:04 +0000] "GET /img/background.jpg HTTP/1.1" 200 787276 "http://localhost:3030/users" "Mozilla/5.0 (X11; Linux x86_64) AppleWebKit/537.36 (KHTML, like Gecko) Ubuntu Chromium/62.0.3202.94 Chrome/62.0.3202.94 Safari/537.36"
::1 - - [04/Jan/2018:20:24:05 +0000] "GET /bootstrap/css/bootstrap.min.css.map HTTP/1.1" 200 132 "-" "Mozilla/5.0 (X11; Linux x86_64) AppleWebKit/537.36 (KHTML, like Gecko) Ubuntu Chromium/62.0.3202.94 Chrome/62.0.3202.94 Safari/537.36"
::1 - - [04/Jan/2018:20:24:05 +0000] "GET /bootstrap/js/bootstrap.min.js.map HTTP/1.1" 200 130 "-" "Mozilla/5.0 (X11; Linux x86_64) AppleWebKit/537.36 (KHTML, like Gecko) Ubuntu Chromium/62.0.3202.94 Chrome/62.0.3202.94 Safari/537.36"
::1 - - [04/Jan/2018:20:24:07 +0000] "GET /img/background.jpg HTTP/1.1" 200 787276 "-" "Mozilla/5.0 (X11; Linux x86_64) AppleWebKit/537.36 (KHTML, like Gecko) Ubuntu Chromium/62.0.3202.94 Chrome/62.0.3202.94 Safari/537.36"
::1 - - [04/Jan/2018:20:24:09 +0000] "GET /favicon.ico HTTP/1.1" 200 108 "http://localhost:3030/users" "Mozilla/5.0 (X11; Linux x86_64) AppleWebKit/537.36 (KHTML, like Gecko) Ubuntu Chromium/62.0.3202.94 Chrome/62.0.3202.94 Safari/537.36"
::1 - - [04/Jan/2018:20:24:20 +0000] "GET /users/login HTTP/1.1" 200 166 "-" "Mozilla/5.0 (X11; Linux x86_64) AppleWebKit/537.36 (KHTML, like Gecko) Ubuntu Chromium/62.0.3202.94 Chrome/62.0.3202.94 Safari/537.36"
::1 - - [04/Jan/2018:20:24:20 +0000] "GET /favicon.ico HTTP/1.1" 200 108 "http://localhost:3030/users/login" "Mozilla/5.0 (X11; Linux x86_64) AppleWebKit/537.36 (KHTML, like Gecko) Ubuntu Chromium/62.0.3202.94 Chrome/62.0.3202.94 Safari/537.36"
::1 - - [04/Jan/2018:20:25:07 +0000] "POST /users/login HTTP/1.1" 302 43 "http://localhost:3030/users/login" "Mozilla/5.0 (X11; Linux x86_64) AppleWebKit/537.36 (KHTML, like Gecko) Ubuntu Chromium/62.0.3202.94 Chrome/62.0.3202.94 Safari/537.36"
::1 - - [04/Jan/2018:20:26:23 +0000] "GET /users HTTP/1.1" 200 5085 "http://localhost:3030/users/login" "Mozilla/5.0 (X11; Linux x86_64) AppleWebKit/537.36 (KHTML, like Gecko) Ubuntu Chromium/62.0.3202.94 Chrome/62.0.3202.94 Safari/537.36"
::1 - - [04/Jan/2018:20:26:23 +0000] "GET /bootstrap/css/bootstrap.min.css HTTP/1.1" 200 127343 "http://localhost:3030/users" "Mozilla/5.0 (X11; Linux x86_64) AppleWebKit/537.36 (KHTML, like Gecko) Ubuntu Chromium/62.0.3202.94 Chrome/62.0.3202.94 Safari/537.36"
::1 - - [04/Jan/2018:20:26:24 +0000] "GET /font-awesome/css/font-awesome.min.css HTTP/1.1" 200 31000 "http://localhost:3030/users" "Mozilla/5.0 (X11; Linux x86_64) AppleWebKit/537.36 (KHTML, like Gecko) Ubuntu Chromium/62.0.3202.94 Chrome/62.0.3202.94 Safari/537.36"
::1 - - [04/Jan/2018:20:26:24 +0000] "GET /css/fontastic.css HTTP/1.1" 200 1266 "http://localhost:3030/users" "Mozilla/5.0 (X11; Linux x86_64) AppleWebKit/537.36 (KHTML, like Gecko) Ubuntu Chromium/62.0.3202.94 Chrome/62.0.3202.94 Safari/537.36"
::1 - - [04/Jan/2018:20:26:24 +0000] "GET /fancybox/jquery.fancybox.min.css HTTP/1.1" 200 13894 "http://localhost:3030/users" "Mozilla/5.0 (X11; Linux x86_64) AppleWebKit/537.36 (KHTML, like Gecko) Ubuntu Chromium/62.0.3202.94 Chrome/62.0.3202.94 Safari/537.36"
::1 - - [04/Jan/2018:20:26:24 +0000] "GET /css/style.blue.css HTTP/1.1" 200 44623 "http://localhost:3030/users" "Mozilla/5.0 (X11; Linux x86_64) AppleWebKit/537.36 (KHTML, like Gecko) Ubuntu Chromium/62.0.3202.94 Chrome/62.0.3202.94 Safari/537.36"
::1 - - [04/Jan/2018:20:26:24 +0000] "GET /css/custom.css HTTP/1.1" 200 2377 "http://localhost:3030/users" "Mozilla/5.0 (X11; Linux x86_64) AppleWebKit/537.36 (KHTML, like Gecko) Ubuntu Chromium/62.0.3202.94 Chrome/62.0.3202.94 Safari/537.36"
::1 - - [04/Jan/2018:20:26:24 +0000] "GET /bootstrap/js/bootstrap.min.js HTTP/1.1" 200 50564 "http://localhost:3030/users" "Mozilla/5.0 (X11; Linux x86_64) AppleWebKit/537.36 (KHTML, like Gecko) Ubuntu Chromium/62.0.3202.94 Chrome/62.0.3202.94 Safari/537.36"
::1 - - [04/Jan/2018:20:26:24 +0000] "GET /jquery.cookie/jquery.cookie.js HTTP/1.1" 200 3121 "http://localhost:3030/users" "Mozilla/5.0 (X11; Linux x86_64) AppleWebKit/537.36 (KHTML, like Gecko) Ubuntu Chromium/62.0.3202.94 Chrome/62.0.3202.94 Safari/537.36"
::1 - - [04/Jan/2018:20:26:24 +0000] "GET /fancybox/jquery.fancybox.min.js HTTP/1.1" 200 52657 "http://localhost:3030/users" "Mozilla/5.0 (X11; Linux x86_64) AppleWebKit/537.36 (KHTML, like Gecko) Ubuntu Chromium/62.0.3202.94 Chrome/62.0.3202.94 Safari/537.36"
::1 - - [04/Jan/2018:20:26:24 +0000] "GET /js/front.js HTTP/1.1" 200 3287 "http://localhost:3030/users" "Mozilla/5.0 (X11; Linux x86_64) AppleWebKit/537.36 (KHTML, like Gecko) Ubuntu Chromium/62.0.3202.94 Chrome/62.0.3202.94 Safari/537.36"
::1 - - [04/Jan/2018:20:26:24 +0000] "GET /js/map.js HTTP/1.1" 200 3073 "http://localhost:3030/users" "Mozilla/5.0 (X11; Linux x86_64) AppleWebKit/537.36 (KHTML, like Gecko) Ubuntu Chromium/62.0.3202.94 Chrome/62.0.3202.94 Safari/537.36"
::1 - - [04/Jan/2018:20:26:24 +0000] "GET /img/logo.png HTTP/1.1" 200 81023 "http://localhost:3030/users" "Mozilla/5.0 (X11; Linux x86_64) AppleWebKit/537.36 (KHTML, like Gecko) Ubuntu Chromium/62.0.3202.94 Chrome/62.0.3202.94 Safari/537.36"
::1 - - [04/Jan/2018:20:26:25 +0000] "GET /img/background.jpg HTTP/1.1" 200 787276 "http://localhost:3030/users" "Mozilla/5.0 (X11; Linux x86_64) AppleWebKit/537.36 (KHTML, like Gecko) Ubuntu Chromium/62.0.3202.94 Chrome/62.0.3202.94 Safari/537.36"
::1 - - [04/Jan/2018:20:26:25 +0000] "GET /bootstrap/js/bootstrap.min.js.map HTTP/1.1" 200 130 "-" "Mozilla/5.0 (X11; Linux x86_64) AppleWebKit/537.36 (KHTML, like Gecko) Ubuntu Chromium/62.0.3202.94 Chrome/62.0.3202.94 Safari/537.36"
::1 - - [04/Jan/2018:20:26:25 +0000] "GET /bootstrap/css/bootstrap.min.css.map HTTP/1.1" 200 132 "-" "Mozilla/5.0 (X11; Linux x86_64) AppleWebKit/537.36 (KHTML, like Gecko) Ubuntu Chromium/62.0.3202.94 Chrome/62.0.3202.94 Safari/537.36"
::1 - - [04/Jan/2018:20:26:28 +0000] "GET /favicon.ico HTTP/1.1" 200 108 "http://localhost:3030/users" "Mozilla/5.0 (X11; Linux x86_64) AppleWebKit/537.36 (KHTML, like Gecko) Ubuntu Chromium/62.0.3202.94 Chrome/62.0.3202.94 Safari/537.36"
::1 - - [04/Jan/2018:20:34:13 +0000] "GET /users HTTP/1.1" 200 5085 "http://localhost:3030/users/login" "Mozilla/5.0 (X11; Linux x86_64) AppleWebKit/537.36 (KHTML, like Gecko) Ubuntu Chromium/62.0.3202.94 Chrome/62.0.3202.94 Safari/537.36"
::1 - - [04/Jan/2018:20:34:13 +0000] "GET /bootstrap/css/bootstrap.min.css HTTP/1.1" 200 127343 "http://localhost:3030/users" "Mozilla/5.0 (X11; Linux x86_64) AppleWebKit/537.36 (KHTML, like Gecko) Ubuntu Chromium/62.0.3202.94 Chrome/62.0.3202.94 Safari/537.36"
::1 - - [04/Jan/2018:20:34:13 +0000] "GET /font-awesome/css/font-awesome.min.css HTTP/1.1" 200 31000 "http://localhost:3030/users" "Mozilla/5.0 (X11; Linux x86_64) AppleWebKit/537.36 (KHTML, like Gecko) Ubuntu Chromium/62.0.3202.94 Chrome/62.0.3202.94 Safari/537.36"
::1 - - [04/Jan/2018:20:34:13 +0000] "GET /css/fontastic.css HTTP/1.1" 200 1266 "http://localhost:3030/users" "Mozilla/5.0 (X11; Linux x86_64) AppleWebKit/537.36 (KHTML, like Gecko) Ubuntu Chromium/62.0.3202.94 Chrome/62.0.3202.94 Safari/537.36"
::1 - - [04/Jan/2018:20:34:13 +0000] "GET /fancybox/jquery.fancybox.min.css HTTP/1.1" 200 13894 "http://localhost:3030/users" "Mozilla/5.0 (X11; Linux x86_64) AppleWebKit/537.36 (KHTML, like Gecko) Ubuntu Chromium/62.0.3202.94 Chrome/62.0.3202.94 Safari/537.36"
::1 - - [04/Jan/2018:20:34:13 +0000] "GET /css/style.blue.css HTTP/1.1" 200 44623 "http://localhost:3030/users" "Mozilla/5.0 (X11; Linux x86_64) AppleWebKit/537.36 (KHTML, like Gecko) Ubuntu Chromium/62.0.3202.94 Chrome/62.0.3202.94 Safari/537.36"
::1 - - [04/Jan/2018:20:34:13 +0000] "GET /css/custom.css HTTP/1.1" 200 2377 "http://localhost:3030/users" "Mozilla/5.0 (X11; Linux x86_64) AppleWebKit/537.36 (KHTML, like Gecko) Ubuntu Chromium/62.0.3202.94 Chrome/62.0.3202.94 Safari/537.36"
::1 - - [04/Jan/2018:20:34:13 +0000] "GET /bootstrap/js/bootstrap.min.js HTTP/1.1" 200 50564 "http://localhost:3030/users" "Mozilla/5.0 (X11; Linux x86_64) AppleWebKit/537.36 (KHTML, like Gecko) Ubuntu Chromium/62.0.3202.94 Chrome/62.0.3202.94 Safari/537.36"
::1 - - [04/Jan/2018:20:34:13 +0000] "GET /jquery.cookie/jquery.cookie.js HTTP/1.1" 200 3121 "http://localhost:3030/users" "Mozilla/5.0 (X11; Linux x86_64) AppleWebKit/537.36 (KHTML, like Gecko) Ubuntu Chromium/62.0.3202.94 Chrome/62.0.3202.94 Safari/537.36"
::1 - - [04/Jan/2018:20:34:14 +0000] "GET /fancybox/jquery.fancybox.min.js HTTP/1.1" 200 52657 "http://localhost:3030/users" "Mozilla/5.0 (X11; Linux x86_64) AppleWebKit/537.36 (KHTML, like Gecko) Ubuntu Chromium/62.0.3202.94 Chrome/62.0.3202.94 Safari/537.36"
::1 - - [04/Jan/2018:20:34:14 +0000] "GET /js/front.js HTTP/1.1" 200 3287 "http://localhost:3030/users" "Mozilla/5.0 (X11; Linux x86_64) AppleWebKit/537.36 (KHTML, like Gecko) Ubuntu Chromium/62.0.3202.94 Chrome/62.0.3202.94 Safari/537.36"
::1 - - [04/Jan/2018:20:34:14 +0000] "GET /js/map.js HTTP/1.1" 200 3073 "http://localhost:3030/users" "Mozilla/5.0 (X11; Linux x86_64) AppleWebKit/537.36 (KHTML, like Gecko) Ubuntu Chromium/62.0.3202.94 Chrome/62.0.3202.94 Safari/537.36"
::1 - - [04/Jan/2018:20:34:14 +0000] "GET /img/logo.png HTTP/1.1" 200 81023 "http://localhost:3030/users" "Mozilla/5.0 (X11; Linux x86_64) AppleWebKit/537.36 (KHTML, like Gecko) Ubuntu Chromium/62.0.3202.94 Chrome/62.0.3202.94 Safari/537.36"
::1 - - [04/Jan/2018:20:34:14 +0000] "GET /img/background.jpg HTTP/1.1" 200 787276 "http://localhost:3030/users" "Mozilla/5.0 (X11; Linux x86_64) AppleWebKit/537.36 (KHTML, like Gecko) Ubuntu Chromium/62.0.3202.94 Chrome/62.0.3202.94 Safari/537.36"
::1 - - [04/Jan/2018:20:34:15 +0000] "GET /bootstrap/css/bootstrap.min.css.map HTTP/1.1" 200 132 "-" "Mozilla/5.0 (X11; Linux x86_64) AppleWebKit/537.36 (KHTML, like Gecko) Ubuntu Chromium/62.0.3202.94 Chrome/62.0.3202.94 Safari/537.36"
::1 - - [04/Jan/2018:20:34:15 +0000] "GET /bootstrap/js/bootstrap.min.js.map HTTP/1.1" 200 130 "-" "Mozilla/5.0 (X11; Linux x86_64) AppleWebKit/537.36 (KHTML, like Gecko) Ubuntu Chromium/62.0.3202.94 Chrome/62.0.3202.94 Safari/537.36"
::1 - - [04/Jan/2018:20:34:17 +0000] "GET /favicon.ico HTTP/1.1" 200 108 "http://localhost:3030/users" "Mozilla/5.0 (X11; Linux x86_64) AppleWebKit/537.36 (KHTML, like Gecko) Ubuntu Chromium/62.0.3202.94 Chrome/62.0.3202.94 Safari/537.36"
::1 - - [04/Jan/2018:20:34:21 +0000] "GET /users/login HTTP/1.1" 200 166 "-" "Mozilla/5.0 (X11; Linux x86_64) AppleWebKit/537.36 (KHTML, like Gecko) Ubuntu Chromium/62.0.3202.94 Chrome/62.0.3202.94 Safari/537.36"
::1 - - [04/Jan/2018:20:34:21 +0000] "GET /favicon.ico HTTP/1.1" 200 108 "http://localhost:3030/users/login" "Mozilla/5.0 (X11; Linux x86_64) AppleWebKit/537.36 (KHTML, like Gecko) Ubuntu Chromium/62.0.3202.94 Chrome/62.0.3202.94 Safari/537.36"
::1 - - [04/Jan/2018:20:35:08 +0000] "POST /users/login HTTP/1.1" 302 43 "http://localhost:3030/users/login" "Mozilla/5.0 (X11; Linux x86_64) AppleWebKit/537.36 (KHTML, like Gecko) Ubuntu Chromium/62.0.3202.94 Chrome/62.0.3202.94 Safari/537.36"
::1 - - [04/Jan/2018:20:39:32 +0000] "GET /users HTTP/1.1" 200 5085 "-" "Mozilla/5.0 (X11; Linux x86_64) AppleWebKit/537.36 (KHTML, like Gecko) Ubuntu Chromium/62.0.3202.94 Chrome/62.0.3202.94 Safari/537.36"
::1 - - [04/Jan/2018:20:39:33 +0000] "GET /bootstrap/css/bootstrap.min.css HTTP/1.1" 200 127343 "http://localhost:3030/users" "Mozilla/5.0 (X11; Linux x86_64) AppleWebKit/537.36 (KHTML, like Gecko) Ubuntu Chromium/62.0.3202.94 Chrome/62.0.3202.94 Safari/537.36"
::1 - - [04/Jan/2018:20:39:33 +0000] "GET /font-awesome/css/font-awesome.min.css HTTP/1.1" 200 31000 "http://localhost:3030/users" "Mozilla/5.0 (X11; Linux x86_64) AppleWebKit/537.36 (KHTML, like Gecko) Ubuntu Chromium/62.0.3202.94 Chrome/62.0.3202.94 Safari/537.36"
::1 - - [04/Jan/2018:20:39:33 +0000] "GET /css/fontastic.css HTTP/1.1" 200 1266 "http://localhost:3030/users" "Mozilla/5.0 (X11; Linux x86_64) AppleWebKit/537.36 (KHTML, like Gecko) Ubuntu Chromium/62.0.3202.94 Chrome/62.0.3202.94 Safari/537.36"
::1 - - [04/Jan/2018:20:39:33 +0000] "GET /fancybox/jquery.fancybox.min.css HTTP/1.1" 200 13894 "http://localhost:3030/users" "Mozilla/5.0 (X11; Linux x86_64) AppleWebKit/537.36 (KHTML, like Gecko) Ubuntu Chromium/62.0.3202.94 Chrome/62.0.3202.94 Safari/537.36"
::1 - - [04/Jan/2018:20:39:33 +0000] "GET /css/style.blue.css HTTP/1.1" 200 44623 "http://localhost:3030/users" "Mozilla/5.0 (X11; Linux x86_64) AppleWebKit/537.36 (KHTML, like Gecko) Ubuntu Chromium/62.0.3202.94 Chrome/62.0.3202.94 Safari/537.36"
::1 - - [04/Jan/2018:20:39:33 +0000] "GET /css/custom.css HTTP/1.1" 200 2377 "http://localhost:3030/users" "Mozilla/5.0 (X11; Linux x86_64) AppleWebKit/537.36 (KHTML, like Gecko) Ubuntu Chromium/62.0.3202.94 Chrome/62.0.3202.94 Safari/537.36"
::1 - - [04/Jan/2018:20:39:33 +0000] "GET /bootstrap/js/bootstrap.min.js HTTP/1.1" 200 50564 "http://localhost:3030/users" "Mozilla/5.0 (X11; Linux x86_64) AppleWebKit/537.36 (KHTML, like Gecko) Ubuntu Chromium/62.0.3202.94 Chrome/62.0.3202.94 Safari/537.36"
::1 - - [04/Jan/2018:20:39:33 +0000] "GET /jquery.cookie/jquery.cookie.js HTTP/1.1" 200 3121 "http://localhost:3030/users" "Mozilla/5.0 (X11; Linux x86_64) AppleWebKit/537.36 (KHTML, like Gecko) Ubuntu Chromium/62.0.3202.94 Chrome/62.0.3202.94 Safari/537.36"
::1 - - [04/Jan/2018:20:39:33 +0000] "GET /fancybox/jquery.fancybox.min.js HTTP/1.1" 200 52657 "http://localhost:3030/users" "Mozilla/5.0 (X11; Linux x86_64) AppleWebKit/537.36 (KHTML, like Gecko) Ubuntu Chromium/62.0.3202.94 Chrome/62.0.3202.94 Safari/537.36"
::1 - - [04/Jan/2018:20:39:33 +0000] "GET /js/front.js HTTP/1.1" 200 3287 "http://localhost:3030/users" "Mozilla/5.0 (X11; Linux x86_64) AppleWebKit/537.36 (KHTML, like Gecko) Ubuntu Chromium/62.0.3202.94 Chrome/62.0.3202.94 Safari/537.36"
::1 - - [04/Jan/2018:20:39:33 +0000] "GET /js/map.js HTTP/1.1" 200 3073 "http://localhost:3030/users" "Mozilla/5.0 (X11; Linux x86_64) AppleWebKit/537.36 (KHTML, like Gecko) Ubuntu Chromium/62.0.3202.94 Chrome/62.0.3202.94 Safari/537.36"
::1 - - [04/Jan/2018:20:39:33 +0000] "GET /img/logo.png HTTP/1.1" 200 81023 "http://localhost:3030/users" "Mozilla/5.0 (X11; Linux x86_64) AppleWebKit/537.36 (KHTML, like Gecko) Ubuntu Chromium/62.0.3202.94 Chrome/62.0.3202.94 Safari/537.36"
::1 - - [04/Jan/2018:20:39:34 +0000] "GET /img/background.jpg HTTP/1.1" 200 787276 "http://localhost:3030/users" "Mozilla/5.0 (X11; Linux x86_64) AppleWebKit/537.36 (KHTML, like Gecko) Ubuntu Chromium/62.0.3202.94 Chrome/62.0.3202.94 Safari/537.36"
::1 - - [04/Jan/2018:20:39:34 +0000] "GET /bootstrap/js/bootstrap.min.js.map HTTP/1.1" 200 130 "-" "Mozilla/5.0 (X11; Linux x86_64) AppleWebKit/537.36 (KHTML, like Gecko) Ubuntu Chromium/62.0.3202.94 Chrome/62.0.3202.94 Safari/537.36"
::1 - - [04/Jan/2018:20:39:34 +0000] "GET /bootstrap/css/bootstrap.min.css.map HTTP/1.1" 200 132 "-" "Mozilla/5.0 (X11; Linux x86_64) AppleWebKit/537.36 (KHTML, like Gecko) Ubuntu Chromium/62.0.3202.94 Chrome/62.0.3202.94 Safari/537.36"
::1 - - [04/Jan/2018:20:39:37 +0000] "GET /favicon.ico HTTP/1.1" 200 108 "http://localhost:3030/users" "Mozilla/5.0 (X11; Linux x86_64) AppleWebKit/537.36 (KHTML, like Gecko) Ubuntu Chromium/62.0.3202.94 Chrome/62.0.3202.94 Safari/537.36"
::1 - - [04/Jan/2018:20:40:30 +0000] "GET /users HTTP/1.1" 200 13 "-" "Mozilla/5.0 (X11; Linux x86_64) AppleWebKit/537.36 (KHTML, like Gecko) Ubuntu Chromium/62.0.3202.94 Chrome/62.0.3202.94 Safari/537.36"
::1 - - [04/Jan/2018:20:40:30 +0000] "GET /favicon.ico HTTP/1.1" 200 108 "http://localhost:3030/users" "Mozilla/5.0 (X11; Linux x86_64) AppleWebKit/537.36 (KHTML, like Gecko) Ubuntu Chromium/62.0.3202.94 Chrome/62.0.3202.94 Safari/537.36"
::1 - - [04/Jan/2018:20:44:16 +0000] "GET /users HTTP/1.1" 200 5085 "-" "Mozilla/5.0 (X11; Linux x86_64) AppleWebKit/537.36 (KHTML, like Gecko) Ubuntu Chromium/62.0.3202.94 Chrome/62.0.3202.94 Safari/537.36"
::1 - - [04/Jan/2018:20:44:17 +0000] "GET /bootstrap/css/bootstrap.min.css HTTP/1.1" 200 127343 "http://localhost:3030/users" "Mozilla/5.0 (X11; Linux x86_64) AppleWebKit/537.36 (KHTML, like Gecko) Ubuntu Chromium/62.0.3202.94 Chrome/62.0.3202.94 Safari/537.36"
::1 - - [04/Jan/2018:20:44:17 +0000] "GET /font-awesome/css/font-awesome.min.css HTTP/1.1" 200 31000 "http://localhost:3030/users" "Mozilla/5.0 (X11; Linux x86_64) AppleWebKit/537.36 (KHTML, like Gecko) Ubuntu Chromium/62.0.3202.94 Chrome/62.0.3202.94 Safari/537.36"
::1 - - [04/Jan/2018:20:44:17 +0000] "GET /css/fontastic.css HTTP/1.1" 200 1266 "http://localhost:3030/users" "Mozilla/5.0 (X11; Linux x86_64) AppleWebKit/537.36 (KHTML, like Gecko) Ubuntu Chromium/62.0.3202.94 Chrome/62.0.3202.94 Safari/537.36"
::1 - - [04/Jan/2018:20:44:17 +0000] "GET /fancybox/jquery.fancybox.min.css HTTP/1.1" 200 13894 "http://localhost:3030/users" "Mozilla/5.0 (X11; Linux x86_64) AppleWebKit/537.36 (KHTML, like Gecko) Ubuntu Chromium/62.0.3202.94 Chrome/62.0.3202.94 Safari/537.36"
::1 - - [04/Jan/2018:20:44:17 +0000] "GET /css/style.blue.css HTTP/1.1" 200 44623 "http://localhost:3030/users" "Mozilla/5.0 (X11; Linux x86_64) AppleWebKit/537.36 (KHTML, like Gecko) Ubuntu Chromium/62.0.3202.94 Chrome/62.0.3202.94 Safari/537.36"
::1 - - [04/Jan/2018:20:44:17 +0000] "GET /css/custom.css HTTP/1.1" 200 2377 "http://localhost:3030/users" "Mozilla/5.0 (X11; Linux x86_64) AppleWebKit/537.36 (KHTML, like Gecko) Ubuntu Chromium/62.0.3202.94 Chrome/62.0.3202.94 Safari/537.36"
::1 - - [04/Jan/2018:20:44:17 +0000] "GET /bootstrap/js/bootstrap.min.js HTTP/1.1" 200 50564 "http://localhost:3030/users" "Mozilla/5.0 (X11; Linux x86_64) AppleWebKit/537.36 (KHTML, like Gecko) Ubuntu Chromium/62.0.3202.94 Chrome/62.0.3202.94 Safari/537.36"
::1 - - [04/Jan/2018:20:44:17 +0000] "GET /jquery.cookie/jquery.cookie.js HTTP/1.1" 200 3121 "http://localhost:3030/users" "Mozilla/5.0 (X11; Linux x86_64) AppleWebKit/537.36 (KHTML, like Gecko) Ubuntu Chromium/62.0.3202.94 Chrome/62.0.3202.94 Safari/537.36"
::1 - - [04/Jan/2018:20:44:17 +0000] "GET /fancybox/jquery.fancybox.min.js HTTP/1.1" 200 52657 "http://localhost:3030/users" "Mozilla/5.0 (X11; Linux x86_64) AppleWebKit/537.36 (KHTML, like Gecko) Ubuntu Chromium/62.0.3202.94 Chrome/62.0.3202.94 Safari/537.36"
::1 - - [04/Jan/2018:20:44:17 +0000] "GET /js/front.js HTTP/1.1" 200 3287 "http://localhost:3030/users" "Mozilla/5.0 (X11; Linux x86_64) AppleWebKit/537.36 (KHTML, like Gecko) Ubuntu Chromium/62.0.3202.94 Chrome/62.0.3202.94 Safari/537.36"
::1 - - [04/Jan/2018:20:44:17 +0000] "GET /js/map.js HTTP/1.1" 200 3073 "http://localhost:3030/users" "Mozilla/5.0 (X11; Linux x86_64) AppleWebKit/537.36 (KHTML, like Gecko) Ubuntu Chromium/62.0.3202.94 Chrome/62.0.3202.94 Safari/537.36"
::1 - - [04/Jan/2018:20:44:17 +0000] "GET /img/logo.png HTTP/1.1" 200 81023 "http://localhost:3030/users" "Mozilla/5.0 (X11; Linux x86_64) AppleWebKit/537.36 (KHTML, like Gecko) Ubuntu Chromium/62.0.3202.94 Chrome/62.0.3202.94 Safari/537.36"
::1 - - [04/Jan/2018:20:44:17 +0000] "GET /fonts/blog.woff HTTP/1.1" 200 1504 "http://localhost:3030/css/fontastic.css" "Mozilla/5.0 (X11; Linux x86_64) AppleWebKit/537.36 (KHTML, like Gecko) Ubuntu Chromium/62.0.3202.94 Chrome/62.0.3202.94 Safari/537.36"
::1 - - [04/Jan/2018:20:44:17 +0000] "GET /img/background.jpg HTTP/1.1" 200 787276 "http://localhost:3030/users" "Mozilla/5.0 (X11; Linux x86_64) AppleWebKit/537.36 (KHTML, like Gecko) Ubuntu Chromium/62.0.3202.94 Chrome/62.0.3202.94 Safari/537.36"
::1 - - [04/Jan/2018:20:44:44 +0000] "GET /favicon.ico HTTP/1.1" 200 108 "http://localhost:3030/users" "Mozilla/5.0 (X11; Linux x86_64) AppleWebKit/537.36 (KHTML, like Gecko) Ubuntu Chromium/62.0.3202.94 Chrome/62.0.3202.94 Safari/537.36"
::1 - - [04/Jan/2018:20:46:17 +0000] "GET /users HTTP/1.1" 200 5085 "-" "Mozilla/5.0 (X11; Linux x86_64) AppleWebKit/537.36 (KHTML, like Gecko) Ubuntu Chromium/62.0.3202.94 Chrome/62.0.3202.94 Safari/537.36"
::1 - - [04/Jan/2018:20:46:18 +0000] "GET /font-awesome/css/font-awesome.min.css HTTP/1.1" 200 31000 "http://localhost:3030/users" "Mozilla/5.0 (X11; Linux x86_64) AppleWebKit/537.36 (KHTML, like Gecko) Ubuntu Chromium/62.0.3202.94 Chrome/62.0.3202.94 Safari/537.36"
::1 - - [04/Jan/2018:20:46:18 +0000] "GET /bootstrap/css/bootstrap.min.css HTTP/1.1" 200 127343 "http://localhost:3030/users" "Mozilla/5.0 (X11; Linux x86_64) AppleWebKit/537.36 (KHTML, like Gecko) Ubuntu Chromium/62.0.3202.94 Chrome/62.0.3202.94 Safari/537.36"
::1 - - [04/Jan/2018:20:46:18 +0000] "GET /css/fontastic.css HTTP/1.1" 200 1266 "http://localhost:3030/users" "Mozilla/5.0 (X11; Linux x86_64) AppleWebKit/537.36 (KHTML, like Gecko) Ubuntu Chromium/62.0.3202.94 Chrome/62.0.3202.94 Safari/537.36"
::1 - - [04/Jan/2018:20:46:18 +0000] "GET /fancybox/jquery.fancybox.min.css HTTP/1.1" 200 13894 "http://localhost:3030/users" "Mozilla/5.0 (X11; Linux x86_64) AppleWebKit/537.36 (KHTML, like Gecko) Ubuntu Chromium/62.0.3202.94 Chrome/62.0.3202.94 Safari/537.36"
::1 - - [04/Jan/2018:20:46:18 +0000] "GET /css/custom.css HTTP/1.1" 200 2377 "http://localhost:3030/users" "Mozilla/5.0 (X11; Linux x86_64) AppleWebKit/537.36 (KHTML, like Gecko) Ubuntu Chromium/62.0.3202.94 Chrome/62.0.3202.94 Safari/537.36"
::1 - - [04/Jan/2018:20:46:18 +0000] "GET /css/style.blue.css HTTP/1.1" 200 44623 "http://localhost:3030/users" "Mozilla/5.0 (X11; Linux x86_64) AppleWebKit/537.36 (KHTML, like Gecko) Ubuntu Chromium/62.0.3202.94 Chrome/62.0.3202.94 Safari/537.36"
::1 - - [04/Jan/2018:20:46:18 +0000] "GET /bootstrap/js/bootstrap.min.js HTTP/1.1" 200 50564 "http://localhost:3030/users" "Mozilla/5.0 (X11; Linux x86_64) AppleWebKit/537.36 (KHTML, like Gecko) Ubuntu Chromium/62.0.3202.94 Chrome/62.0.3202.94 Safari/537.36"
::1 - - [04/Jan/2018:20:46:18 +0000] "GET /jquery.cookie/jquery.cookie.js HTTP/1.1" 200 3121 "http://localhost:3030/users" "Mozilla/5.0 (X11; Linux x86_64) AppleWebKit/537.36 (KHTML, like Gecko) Ubuntu Chromium/62.0.3202.94 Chrome/62.0.3202.94 Safari/537.36"
::1 - - [04/Jan/2018:20:46:18 +0000] "GET /fancybox/jquery.fancybox.min.js HTTP/1.1" 200 52657 "http://localhost:3030/users" "Mozilla/5.0 (X11; Linux x86_64) AppleWebKit/537.36 (KHTML, like Gecko) Ubuntu Chromium/62.0.3202.94 Chrome/62.0.3202.94 Safari/537.36"
::1 - - [04/Jan/2018:20:46:18 +0000] "GET /js/front.js HTTP/1.1" 200 3287 "http://localhost:3030/users" "Mozilla/5.0 (X11; Linux x86_64) AppleWebKit/537.36 (KHTML, like Gecko) Ubuntu Chromium/62.0.3202.94 Chrome/62.0.3202.94 Safari/537.36"
::1 - - [04/Jan/2018:20:46:18 +0000] "GET /js/map.js HTTP/1.1" 200 3073 "http://localhost:3030/users" "Mozilla/5.0 (X11; Linux x86_64) AppleWebKit/537.36 (KHTML, like Gecko) Ubuntu Chromium/62.0.3202.94 Chrome/62.0.3202.94 Safari/537.36"
::1 - - [04/Jan/2018:20:46:18 +0000] "GET /img/logo.png HTTP/1.1" 200 81023 "http://localhost:3030/users" "Mozilla/5.0 (X11; Linux x86_64) AppleWebKit/537.36 (KHTML, like Gecko) Ubuntu Chromium/62.0.3202.94 Chrome/62.0.3202.94 Safari/537.36"
::1 - - [04/Jan/2018:20:46:18 +0000] "GET /fonts/blog.woff HTTP/1.1" 200 1504 "http://localhost:3030/css/fontastic.css" "Mozilla/5.0 (X11; Linux x86_64) AppleWebKit/537.36 (KHTML, like Gecko) Ubuntu Chromium/62.0.3202.94 Chrome/62.0.3202.94 Safari/537.36"
::1 - - [04/Jan/2018:20:46:18 +0000] "GET /img/background.jpg HTTP/1.1" 200 787276 "http://localhost:3030/users" "Mozilla/5.0 (X11; Linux x86_64) AppleWebKit/537.36 (KHTML, like Gecko) Ubuntu Chromium/62.0.3202.94 Chrome/62.0.3202.94 Safari/537.36"
::1 - - [04/Jan/2018:20:46:20 +0000] "GET /favicon.ico HTTP/1.1" 404 9 "http://localhost:3030/users" "Mozilla/5.0 (X11; Linux x86_64) AppleWebKit/537.36 (KHTML, like Gecko) Ubuntu Chromium/62.0.3202.94 Chrome/62.0.3202.94 Safari/537.36"
::1 - - [04/Jan/2018:20:46:31 +0000] "GET /users/login HTTP/1.1" 200 166 "-" "Mozilla/5.0 (X11; Linux x86_64) AppleWebKit/537.36 (KHTML, like Gecko) Ubuntu Chromium/62.0.3202.94 Chrome/62.0.3202.94 Safari/537.36"
::1 - - [04/Jan/2018:20:46:39 +0000] "POST /users/login HTTP/1.1" 302 43 "http://localhost:3030/users/login" "Mozilla/5.0 (X11; Linux x86_64) AppleWebKit/537.36 (KHTML, like Gecko) Ubuntu Chromium/62.0.3202.94 Chrome/62.0.3202.94 Safari/537.36"
::1 - - [04/Jan/2018:20:46:40 +0000] "GET /users HTTP/1.1" 200 5085 "http://localhost:3030/users/login" "Mozilla/5.0 (X11; Linux x86_64) AppleWebKit/537.36 (KHTML, like Gecko) Ubuntu Chromium/62.0.3202.94 Chrome/62.0.3202.94 Safari/537.36"
::1 - - [04/Jan/2018:20:46:40 +0000] "GET /bootstrap/css/bootstrap.min.css HTTP/1.1" 200 127343 "http://localhost:3030/users" "Mozilla/5.0 (X11; Linux x86_64) AppleWebKit/537.36 (KHTML, like Gecko) Ubuntu Chromium/62.0.3202.94 Chrome/62.0.3202.94 Safari/537.36"
::1 - - [04/Jan/2018:20:46:40 +0000] "GET /font-awesome/css/font-awesome.min.css HTTP/1.1" 200 31000 "http://localhost:3030/users" "Mozilla/5.0 (X11; Linux x86_64) AppleWebKit/537.36 (KHTML, like Gecko) Ubuntu Chromium/62.0.3202.94 Chrome/62.0.3202.94 Safari/537.36"
::1 - - [04/Jan/2018:20:46:40 +0000] "GET /css/fontastic.css HTTP/1.1" 200 1266 "http://localhost:3030/users" "Mozilla/5.0 (X11; Linux x86_64) AppleWebKit/537.36 (KHTML, like Gecko) Ubuntu Chromium/62.0.3202.94 Chrome/62.0.3202.94 Safari/537.36"
::1 - - [04/Jan/2018:20:46:40 +0000] "GET /fancybox/jquery.fancybox.min.css HTTP/1.1" 200 13894 "http://localhost:3030/users" "Mozilla/5.0 (X11; Linux x86_64) AppleWebKit/537.36 (KHTML, like Gecko) Ubuntu Chromium/62.0.3202.94 Chrome/62.0.3202.94 Safari/537.36"
::1 - - [04/Jan/2018:20:46:40 +0000] "GET /css/style.blue.css HTTP/1.1" 200 44623 "http://localhost:3030/users" "Mozilla/5.0 (X11; Linux x86_64) AppleWebKit/537.36 (KHTML, like Gecko) Ubuntu Chromium/62.0.3202.94 Chrome/62.0.3202.94 Safari/537.36"
::1 - - [04/Jan/2018:20:46:40 +0000] "GET /css/custom.css HTTP/1.1" 200 2377 "http://localhost:3030/users" "Mozilla/5.0 (X11; Linux x86_64) AppleWebKit/537.36 (KHTML, like Gecko) Ubuntu Chromium/62.0.3202.94 Chrome/62.0.3202.94 Safari/537.36"
::1 - - [04/Jan/2018:20:46:40 +0000] "GET /bootstrap/js/bootstrap.min.js HTTP/1.1" 200 50564 "http://localhost:3030/users" "Mozilla/5.0 (X11; Linux x86_64) AppleWebKit/537.36 (KHTML, like Gecko) Ubuntu Chromium/62.0.3202.94 Chrome/62.0.3202.94 Safari/537.36"
::1 - - [04/Jan/2018:20:46:40 +0000] "GET /jquery.cookie/jquery.cookie.js HTTP/1.1" 200 3121 "http://localhost:3030/users" "Mozilla/5.0 (X11; Linux x86_64) AppleWebKit/537.36 (KHTML, like Gecko) Ubuntu Chromium/62.0.3202.94 Chrome/62.0.3202.94 Safari/537.36"
::1 - - [04/Jan/2018:20:46:40 +0000] "GET /fancybox/jquery.fancybox.min.js HTTP/1.1" 200 52657 "http://localhost:3030/users" "Mozilla/5.0 (X11; Linux x86_64) AppleWebKit/537.36 (KHTML, like Gecko) Ubuntu Chromium/62.0.3202.94 Chrome/62.0.3202.94 Safari/537.36"
::1 - - [04/Jan/2018:20:46:40 +0000] "GET /js/front.js HTTP/1.1" 200 3287 "http://localhost:3030/users" "Mozilla/5.0 (X11; Linux x86_64) AppleWebKit/537.36 (KHTML, like Gecko) Ubuntu Chromium/62.0.3202.94 Chrome/62.0.3202.94 Safari/537.36"
::1 - - [04/Jan/2018:20:46:40 +0000] "GET /js/map.js HTTP/1.1" 200 3073 "http://localhost:3030/users" "Mozilla/5.0 (X11; Linux x86_64) AppleWebKit/537.36 (KHTML, like Gecko) Ubuntu Chromium/62.0.3202.94 Chrome/62.0.3202.94 Safari/537.36"
::1 - - [04/Jan/2018:20:46:40 +0000] "GET /img/logo.png HTTP/1.1" 200 81023 "http://localhost:3030/users" "Mozilla/5.0 (X11; Linux x86_64) AppleWebKit/537.36 (KHTML, like Gecko) Ubuntu Chromium/62.0.3202.94 Chrome/62.0.3202.94 Safari/537.36"
::1 - - [04/Jan/2018:20:46:40 +0000] "GET /fonts/blog.woff HTTP/1.1" 200 1504 "http://localhost:3030/css/fontastic.css" "Mozilla/5.0 (X11; Linux x86_64) AppleWebKit/537.36 (KHTML, like Gecko) Ubuntu Chromium/62.0.3202.94 Chrome/62.0.3202.94 Safari/537.36"
::1 - - [04/Jan/2018:20:46:40 +0000] "GET /img/background.jpg HTTP/1.1" 200 787276 "http://localhost:3030/users" "Mozilla/5.0 (X11; Linux x86_64) AppleWebKit/537.36 (KHTML, like Gecko) Ubuntu Chromium/62.0.3202.94 Chrome/62.0.3202.94 Safari/537.36"
::1 - - [04/Jan/2018:20:50:58 +0000] "GET /users HTTP/1.1" 200 5085 "http://localhost:3030/users/login" "Mozilla/5.0 (X11; Linux x86_64) AppleWebKit/537.36 (KHTML, like Gecko) Ubuntu Chromium/62.0.3202.94 Chrome/62.0.3202.94 Safari/537.36"
::1 - - [04/Jan/2018:20:50:58 +0000] "GET /font-awesome/css/font-awesome.min.css HTTP/1.1" 200 31000 "http://localhost:3030/users" "Mozilla/5.0 (X11; Linux x86_64) AppleWebKit/537.36 (KHTML, like Gecko) Ubuntu Chromium/62.0.3202.94 Chrome/62.0.3202.94 Safari/537.36"
::1 - - [04/Jan/2018:20:50:58 +0000] "GET /css/fontastic.css HTTP/1.1" 200 1266 "http://localhost:3030/users" "Mozilla/5.0 (X11; Linux x86_64) AppleWebKit/537.36 (KHTML, like Gecko) Ubuntu Chromium/62.0.3202.94 Chrome/62.0.3202.94 Safari/537.36"
::1 - - [04/Jan/2018:20:50:58 +0000] "GET /fancybox/jquery.fancybox.min.css HTTP/1.1" 200 13894 "http://localhost:3030/users" "Mozilla/5.0 (X11; Linux x86_64) AppleWebKit/537.36 (KHTML, like Gecko) Ubuntu Chromium/62.0.3202.94 Chrome/62.0.3202.94 Safari/537.36"
::1 - - [04/Jan/2018:20:50:58 +0000] "GET /css/style.blue.css HTTP/1.1" 200 44623 "http://localhost:3030/users" "Mozilla/5.0 (X11; Linux x86_64) AppleWebKit/537.36 (KHTML, like Gecko) Ubuntu Chromium/62.0.3202.94 Chrome/62.0.3202.94 Safari/537.36"
::1 - - [04/Jan/2018:20:50:58 +0000] "GET /css/custom.css HTTP/1.1" 200 2377 "http://localhost:3030/users" "Mozilla/5.0 (X11; Linux x86_64) AppleWebKit/537.36 (KHTML, like Gecko) Ubuntu Chromium/62.0.3202.94 Chrome/62.0.3202.94 Safari/537.36"
::1 - - [04/Jan/2018:20:50:58 +0000] "GET /bootstrap/css/bootstrap.min.css HTTP/1.1" 200 127343 "http://localhost:3030/users" "Mozilla/5.0 (X11; Linux x86_64) AppleWebKit/537.36 (KHTML, like Gecko) Ubuntu Chromium/62.0.3202.94 Chrome/62.0.3202.94 Safari/537.36"
::1 - - [04/Jan/2018:20:50:58 +0000] "GET /bootstrap/js/bootstrap.min.js HTTP/1.1" 200 50564 "http://localhost:3030/users" "Mozilla/5.0 (X11; Linux x86_64) AppleWebKit/537.36 (KHTML, like Gecko) Ubuntu Chromium/62.0.3202.94 Chrome/62.0.3202.94 Safari/537.36"
::1 - - [04/Jan/2018:20:50:58 +0000] "GET /jquery.cookie/jquery.cookie.js HTTP/1.1" 200 3121 "http://localhost:3030/users" "Mozilla/5.0 (X11; Linux x86_64) AppleWebKit/537.36 (KHTML, like Gecko) Ubuntu Chromium/62.0.3202.94 Chrome/62.0.3202.94 Safari/537.36"
::1 - - [04/Jan/2018:20:50:58 +0000] "GET /fancybox/jquery.fancybox.min.js HTTP/1.1" 200 52657 "http://localhost:3030/users" "Mozilla/5.0 (X11; Linux x86_64) AppleWebKit/537.36 (KHTML, like Gecko) Ubuntu Chromium/62.0.3202.94 Chrome/62.0.3202.94 Safari/537.36"
::1 - - [04/Jan/2018:20:50:58 +0000] "GET /js/front.js HTTP/1.1" 200 3287 "http://localhost:3030/users" "Mozilla/5.0 (X11; Linux x86_64) AppleWebKit/537.36 (KHTML, like Gecko) Ubuntu Chromium/62.0.3202.94 Chrome/62.0.3202.94 Safari/537.36"
::1 - - [04/Jan/2018:20:50:58 +0000] "GET /js/map.js HTTP/1.1" 200 3073 "http://localhost:3030/users" "Mozilla/5.0 (X11; Linux x86_64) AppleWebKit/537.36 (KHTML, like Gecko) Ubuntu Chromium/62.0.3202.94 Chrome/62.0.3202.94 Safari/537.36"
::1 - - [04/Jan/2018:20:50:58 +0000] "GET /img/logo.png HTTP/1.1" 200 81023 "http://localhost:3030/users" "Mozilla/5.0 (X11; Linux x86_64) AppleWebKit/537.36 (KHTML, like Gecko) Ubuntu Chromium/62.0.3202.94 Chrome/62.0.3202.94 Safari/537.36"
::1 - - [04/Jan/2018:20:50:59 +0000] "GET /fonts/blog.woff HTTP/1.1" 200 1504 "http://localhost:3030/css/fontastic.css" "Mozilla/5.0 (X11; Linux x86_64) AppleWebKit/537.36 (KHTML, like Gecko) Ubuntu Chromium/62.0.3202.94 Chrome/62.0.3202.94 Safari/537.36"
::1 - - [04/Jan/2018:20:50:59 +0000] "GET /img/background.jpg HTTP/1.1" 200 787276 "http://localhost:3030/users" "Mozilla/5.0 (X11; Linux x86_64) AppleWebKit/537.36 (KHTML, like Gecko) Ubuntu Chromium/62.0.3202.94 Chrome/62.0.3202.94 Safari/537.36"
::1 - - [04/Jan/2018:20:53:53 +0000] "GET /users HTTP/1.1" 200 5085 "http://localhost:3030/users/login" "Mozilla/5.0 (X11; Linux x86_64) AppleWebKit/537.36 (KHTML, like Gecko) Ubuntu Chromium/62.0.3202.94 Chrome/62.0.3202.94 Safari/537.36"
::1 - - [04/Jan/2018:20:53:53 +0000] "GET /font-awesome/css/font-awesome.min.css HTTP/1.1" 200 31000 "http://localhost:3030/users" "Mozilla/5.0 (X11; Linux x86_64) AppleWebKit/537.36 (KHTML, like Gecko) Ubuntu Chromium/62.0.3202.94 Chrome/62.0.3202.94 Safari/537.36"
::1 - - [04/Jan/2018:20:53:53 +0000] "GET /bootstrap/css/bootstrap.min.css HTTP/1.1" 200 127343 "http://localhost:3030/users" "Mozilla/5.0 (X11; Linux x86_64) AppleWebKit/537.36 (KHTML, like Gecko) Ubuntu Chromium/62.0.3202.94 Chrome/62.0.3202.94 Safari/537.36"
::1 - - [04/Jan/2018:20:53:53 +0000] "GET /css/fontastic.css HTTP/1.1" 200 1266 "http://localhost:3030/users" "Mozilla/5.0 (X11; Linux x86_64) AppleWebKit/537.36 (KHTML, like Gecko) Ubuntu Chromium/62.0.3202.94 Chrome/62.0.3202.94 Safari/537.36"
::1 - - [04/Jan/2018:20:53:53 +0000] "GET /fancybox/jquery.fancybox.min.css HTTP/1.1" 200 13894 "http://localhost:3030/users" "Mozilla/5.0 (X11; Linux x86_64) AppleWebKit/537.36 (KHTML, like Gecko) Ubuntu Chromium/62.0.3202.94 Chrome/62.0.3202.94 Safari/537.36"
::1 - - [04/Jan/2018:20:53:53 +0000] "GET /css/style.blue.css HTTP/1.1" 200 44623 "http://localhost:3030/users" "Mozilla/5.0 (X11; Linux x86_64) AppleWebKit/537.36 (KHTML, like Gecko) Ubuntu Chromium/62.0.3202.94 Chrome/62.0.3202.94 Safari/537.36"
::1 - - [04/Jan/2018:20:53:53 +0000] "GET /css/custom.css HTTP/1.1" 200 2377 "http://localhost:3030/users" "Mozilla/5.0 (X11; Linux x86_64) AppleWebKit/537.36 (KHTML, like Gecko) Ubuntu Chromium/62.0.3202.94 Chrome/62.0.3202.94 Safari/537.36"
::1 - - [04/Jan/2018:20:53:53 +0000] "GET /bootstrap/js/bootstrap.min.js HTTP/1.1" 200 50564 "http://localhost:3030/users" "Mozilla/5.0 (X11; Linux x86_64) AppleWebKit/537.36 (KHTML, like Gecko) Ubuntu Chromium/62.0.3202.94 Chrome/62.0.3202.94 Safari/537.36"
::1 - - [04/Jan/2018:20:53:54 +0000] "GET /jquery.cookie/jquery.cookie.js HTTP/1.1" 200 3121 "http://localhost:3030/users" "Mozilla/5.0 (X11; Linux x86_64) AppleWebKit/537.36 (KHTML, like Gecko) Ubuntu Chromium/62.0.3202.94 Chrome/62.0.3202.94 Safari/537.36"
::1 - - [04/Jan/2018:20:53:54 +0000] "GET /fancybox/jquery.fancybox.min.js HTTP/1.1" 200 52657 "http://localhost:3030/users" "Mozilla/5.0 (X11; Linux x86_64) AppleWebKit/537.36 (KHTML, like Gecko) Ubuntu Chromium/62.0.3202.94 Chrome/62.0.3202.94 Safari/537.36"
::1 - - [04/Jan/2018:20:53:54 +0000] "GET /js/front.js HTTP/1.1" 200 3287 "http://localhost:3030/users" "Mozilla/5.0 (X11; Linux x86_64) AppleWebKit/537.36 (KHTML, like Gecko) Ubuntu Chromium/62.0.3202.94 Chrome/62.0.3202.94 Safari/537.36"
::1 - - [04/Jan/2018:20:53:54 +0000] "GET /js/map.js HTTP/1.1" 200 3073 "http://localhost:3030/users" "Mozilla/5.0 (X11; Linux x86_64) AppleWebKit/537.36 (KHTML, like Gecko) Ubuntu Chromium/62.0.3202.94 Chrome/62.0.3202.94 Safari/537.36"
::1 - - [04/Jan/2018:20:53:54 +0000] "GET /img/logo.png HTTP/1.1" 200 81023 "http://localhost:3030/users" "Mozilla/5.0 (X11; Linux x86_64) AppleWebKit/537.36 (KHTML, like Gecko) Ubuntu Chromium/62.0.3202.94 Chrome/62.0.3202.94 Safari/537.36"
::1 - - [04/Jan/2018:20:53:54 +0000] "GET /fonts/blog.woff HTTP/1.1" 200 1504 "http://localhost:3030/css/fontastic.css" "Mozilla/5.0 (X11; Linux x86_64) AppleWebKit/537.36 (KHTML, like Gecko) Ubuntu Chromium/62.0.3202.94 Chrome/62.0.3202.94 Safari/537.36"
::1 - - [04/Jan/2018:20:53:54 +0000] "GET /img/background.jpg HTTP/1.1" 200 787276 "http://localhost:3030/users" "Mozilla/5.0 (X11; Linux x86_64) AppleWebKit/537.36 (KHTML, like Gecko) Ubuntu Chromium/62.0.3202.94 Chrome/62.0.3202.94 Safari/537.36"
::1 - - [04/Jan/2018:20:54:05 +0000] "GET /users/logout HTTP/1.1" 302 33 "-" "Mozilla/5.0 (X11; Linux x86_64) AppleWebKit/537.36 (KHTML, like Gecko) Ubuntu Chromium/62.0.3202.94 Chrome/62.0.3202.94 Safari/537.36"
::1 - - [04/Jan/2018:20:54:05 +0000] "GET / HTTP/1.1" 404 9 "-" "Mozilla/5.0 (X11; Linux x86_64) AppleWebKit/537.36 (KHTML, like Gecko) Ubuntu Chromium/62.0.3202.94 Chrome/62.0.3202.94 Safari/537.36"
::1 - - [04/Jan/2018:20:54:10 +0000] "GET /users HTTP/1.1" 302 55 "-" "Mozilla/5.0 (X11; Linux x86_64) AppleWebKit/537.36 (KHTML, like Gecko) Ubuntu Chromium/62.0.3202.94 Chrome/62.0.3202.94 Safari/537.36"
::1 - - [04/Jan/2018:20:54:11 +0000] "GET /users/login HTTP/1.1" 200 166 "-" "Mozilla/5.0 (X11; Linux x86_64) AppleWebKit/537.36 (KHTML, like Gecko) Ubuntu Chromium/62.0.3202.94 Chrome/62.0.3202.94 Safari/537.36"
::1 - - [04/Jan/2018:20:54:16 +0000] "POST /users/login HTTP/1.1" 302 43 "http://localhost:3030/users/login" "Mozilla/5.0 (X11; Linux x86_64) AppleWebKit/537.36 (KHTML, like Gecko) Ubuntu Chromium/62.0.3202.94 Chrome/62.0.3202.94 Safari/537.36"
::1 - - [04/Jan/2018:20:54:16 +0000] "GET /users HTTP/1.1" 200 5085 "http://localhost:3030/users/login" "Mozilla/5.0 (X11; Linux x86_64) AppleWebKit/537.36 (KHTML, like Gecko) Ubuntu Chromium/62.0.3202.94 Chrome/62.0.3202.94 Safari/537.36"
::1 - - [04/Jan/2018:20:54:17 +0000] "GET /bootstrap/css/bootstrap.min.css HTTP/1.1" 200 127343 "http://localhost:3030/users" "Mozilla/5.0 (X11; Linux x86_64) AppleWebKit/537.36 (KHTML, like Gecko) Ubuntu Chromium/62.0.3202.94 Chrome/62.0.3202.94 Safari/537.36"
::1 - - [04/Jan/2018:20:54:17 +0000] "GET /font-awesome/css/font-awesome.min.css HTTP/1.1" 200 31000 "http://localhost:3030/users" "Mozilla/5.0 (X11; Linux x86_64) AppleWebKit/537.36 (KHTML, like Gecko) Ubuntu Chromium/62.0.3202.94 Chrome/62.0.3202.94 Safari/537.36"
::1 - - [04/Jan/2018:20:54:17 +0000] "GET /css/fontastic.css HTTP/1.1" 200 1266 "http://localhost:3030/users" "Mozilla/5.0 (X11; Linux x86_64) AppleWebKit/537.36 (KHTML, like Gecko) Ubuntu Chromium/62.0.3202.94 Chrome/62.0.3202.94 Safari/537.36"
::1 - - [04/Jan/2018:20:54:17 +0000] "GET /fancybox/jquery.fancybox.min.css HTTP/1.1" 200 13894 "http://localhost:3030/users" "Mozilla/5.0 (X11; Linux x86_64) AppleWebKit/537.36 (KHTML, like Gecko) Ubuntu Chromium/62.0.3202.94 Chrome/62.0.3202.94 Safari/537.36"
::1 - - [04/Jan/2018:20:54:17 +0000] "GET /css/style.blue.css HTTP/1.1" 200 44623 "http://localhost:3030/users" "Mozilla/5.0 (X11; Linux x86_64) AppleWebKit/537.36 (KHTML, like Gecko) Ubuntu Chromium/62.0.3202.94 Chrome/62.0.3202.94 Safari/537.36"
::1 - - [04/Jan/2018:20:54:17 +0000] "GET /css/custom.css HTTP/1.1" 200 2377 "http://localhost:3030/users" "Mozilla/5.0 (X11; Linux x86_64) AppleWebKit/537.36 (KHTML, like Gecko) Ubuntu Chromium/62.0.3202.94 Chrome/62.0.3202.94 Safari/537.36"
::1 - - [04/Jan/2018:20:54:17 +0000] "GET /bootstrap/js/bootstrap.min.js HTTP/1.1" 200 50564 "http://localhost:3030/users" "Mozilla/5.0 (X11; Linux x86_64) AppleWebKit/537.36 (KHTML, like Gecko) Ubuntu Chromium/62.0.3202.94 Chrome/62.0.3202.94 Safari/537.36"
::1 - - [04/Jan/2018:20:54:17 +0000] "GET /jquery.cookie/jquery.cookie.js HTTP/1.1" 200 3121 "http://localhost:3030/users" "Mozilla/5.0 (X11; Linux x86_64) AppleWebKit/537.36 (KHTML, like Gecko) Ubuntu Chromium/62.0.3202.94 Chrome/62.0.3202.94 Safari/537.36"
::1 - - [04/Jan/2018:20:54:17 +0000] "GET /fancybox/jquery.fancybox.min.js HTTP/1.1" 200 52657 "http://localhost:3030/users" "Mozilla/5.0 (X11; Linux x86_64) AppleWebKit/537.36 (KHTML, like Gecko) Ubuntu Chromium/62.0.3202.94 Chrome/62.0.3202.94 Safari/537.36"
::1 - - [04/Jan/2018:20:54:17 +0000] "GET /js/front.js HTTP/1.1" 200 3287 "http://localhost:3030/users" "Mozilla/5.0 (X11; Linux x86_64) AppleWebKit/537.36 (KHTML, like Gecko) Ubuntu Chromium/62.0.3202.94 Chrome/62.0.3202.94 Safari/537.36"
::1 - - [04/Jan/2018:20:54:17 +0000] "GET /js/map.js HTTP/1.1" 200 3073 "http://localhost:3030/users" "Mozilla/5.0 (X11; Linux x86_64) AppleWebKit/537.36 (KHTML, like Gecko) Ubuntu Chromium/62.0.3202.94 Chrome/62.0.3202.94 Safari/537.36"
::1 - - [04/Jan/2018:20:54:17 +0000] "GET /img/logo.png HTTP/1.1" 200 81023 "http://localhost:3030/users" "Mozilla/5.0 (X11; Linux x86_64) AppleWebKit/537.36 (KHTML, like Gecko) Ubuntu Chromium/62.0.3202.94 Chrome/62.0.3202.94 Safari/537.36"
::1 - - [04/Jan/2018:20:54:17 +0000] "GET /fonts/blog.woff HTTP/1.1" 200 1504 "http://localhost:3030/css/fontastic.css" "Mozilla/5.0 (X11; Linux x86_64) AppleWebKit/537.36 (KHTML, like Gecko) Ubuntu Chromium/62.0.3202.94 Chrome/62.0.3202.94 Safari/537.36"
::1 - - [04/Jan/2018:20:54:17 +0000] "GET /img/background.jpg HTTP/1.1" 200 787276 "http://localhost:3030/users" "Mozilla/5.0 (X11; Linux x86_64) AppleWebKit/537.36 (KHTML, like Gecko) Ubuntu Chromium/62.0.3202.94 Chrome/62.0.3202.94 Safari/537.36"
::1 - - [04/Jan/2018:20:54:20 +0000] "GET /users HTTP/1.1" 200 5085 "http://localhost:3030/users/login" "Mozilla/5.0 (X11; Linux x86_64) AppleWebKit/537.36 (KHTML, like Gecko) Ubuntu Chromium/62.0.3202.94 Chrome/62.0.3202.94 Safari/537.36"
::1 - - [04/Jan/2018:20:54:21 +0000] "GET /font-awesome/css/font-awesome.min.css HTTP/1.1" 200 31000 "http://localhost:3030/users" "Mozilla/5.0 (X11; Linux x86_64) AppleWebKit/537.36 (KHTML, like Gecko) Ubuntu Chromium/62.0.3202.94 Chrome/62.0.3202.94 Safari/537.36"
::1 - - [04/Jan/2018:20:54:21 +0000] "GET /bootstrap/css/bootstrap.min.css HTTP/1.1" 200 127343 "http://localhost:3030/users" "Mozilla/5.0 (X11; Linux x86_64) AppleWebKit/537.36 (KHTML, like Gecko) Ubuntu Chromium/62.0.3202.94 Chrome/62.0.3202.94 Safari/537.36"
::1 - - [04/Jan/2018:20:54:21 +0000] "GET /css/fontastic.css HTTP/1.1" 200 1266 "http://localhost:3030/users" "Mozilla/5.0 (X11; Linux x86_64) AppleWebKit/537.36 (KHTML, like Gecko) Ubuntu Chromium/62.0.3202.94 Chrome/62.0.3202.94 Safari/537.36"
::1 - - [04/Jan/2018:20:54:21 +0000] "GET /fancybox/jquery.fancybox.min.css HTTP/1.1" 200 13894 "http://localhost:3030/users" "Mozilla/5.0 (X11; Linux x86_64) AppleWebKit/537.36 (KHTML, like Gecko) Ubuntu Chromium/62.0.3202.94 Chrome/62.0.3202.94 Safari/537.36"
::1 - - [04/Jan/2018:20:54:21 +0000] "GET /css/style.blue.css HTTP/1.1" 200 44623 "http://localhost:3030/users" "Mozilla/5.0 (X11; Linux x86_64) AppleWebKit/537.36 (KHTML, like Gecko) Ubuntu Chromium/62.0.3202.94 Chrome/62.0.3202.94 Safari/537.36"
::1 - - [04/Jan/2018:20:54:21 +0000] "GET /css/custom.css HTTP/1.1" 200 2377 "http://localhost:3030/users" "Mozilla/5.0 (X11; Linux x86_64) AppleWebKit/537.36 (KHTML, like Gecko) Ubuntu Chromium/62.0.3202.94 Chrome/62.0.3202.94 Safari/537.36"
::1 - - [04/Jan/2018:20:54:21 +0000] "GET /bootstrap/js/bootstrap.min.js HTTP/1.1" 200 50564 "http://localhost:3030/users" "Mozilla/5.0 (X11; Linux x86_64) AppleWebKit/537.36 (KHTML, like Gecko) Ubuntu Chromium/62.0.3202.94 Chrome/62.0.3202.94 Safari/537.36"
::1 - - [04/Jan/2018:20:54:21 +0000] "GET /jquery.cookie/jquery.cookie.js HTTP/1.1" 200 3121 "http://localhost:3030/users" "Mozilla/5.0 (X11; Linux x86_64) AppleWebKit/537.36 (KHTML, like Gecko) Ubuntu Chromium/62.0.3202.94 Chrome/62.0.3202.94 Safari/537.36"
::1 - - [04/Jan/2018:20:54:21 +0000] "GET /fancybox/jquery.fancybox.min.js HTTP/1.1" 200 52657 "http://localhost:3030/users" "Mozilla/5.0 (X11; Linux x86_64) AppleWebKit/537.36 (KHTML, like Gecko) Ubuntu Chromium/62.0.3202.94 Chrome/62.0.3202.94 Safari/537.36"
::1 - - [04/Jan/2018:20:54:21 +0000] "GET /js/front.js HTTP/1.1" 200 3287 "http://localhost:3030/users" "Mozilla/5.0 (X11; Linux x86_64) AppleWebKit/537.36 (KHTML, like Gecko) Ubuntu Chromium/62.0.3202.94 Chrome/62.0.3202.94 Safari/537.36"
::1 - - [04/Jan/2018:20:54:21 +0000] "GET /js/map.js HTTP/1.1" 200 3073 "http://localhost:3030/users" "Mozilla/5.0 (X11; Linux x86_64) AppleWebKit/537.36 (KHTML, like Gecko) Ubuntu Chromium/62.0.3202.94 Chrome/62.0.3202.94 Safari/537.36"
::1 - - [04/Jan/2018:20:54:21 +0000] "GET /img/logo.png HTTP/1.1" 200 81023 "http://localhost:3030/users" "Mozilla/5.0 (X11; Linux x86_64) AppleWebKit/537.36 (KHTML, like Gecko) Ubuntu Chromium/62.0.3202.94 Chrome/62.0.3202.94 Safari/537.36"
::1 - - [04/Jan/2018:20:54:21 +0000] "GET /fonts/blog.woff HTTP/1.1" 200 1504 "http://localhost:3030/css/fontastic.css" "Mozilla/5.0 (X11; Linux x86_64) AppleWebKit/537.36 (KHTML, like Gecko) Ubuntu Chromium/62.0.3202.94 Chrome/62.0.3202.94 Safari/537.36"
::1 - - [04/Jan/2018:20:54:21 +0000] "GET /img/background.jpg HTTP/1.1" 200 787276 "http://localhost:3030/users" "Mozilla/5.0 (X11; Linux x86_64) AppleWebKit/537.36 (KHTML, like Gecko) Ubuntu Chromium/62.0.3202.94 Chrome/62.0.3202.94 Safari/537.36"
::1 - - [05/Jan/2018:09:15:42 +0000] "GET /users HTTP/1.1" 302 55 "-" "Mozilla/5.0 (X11; Linux x86_64) AppleWebKit/537.36 (KHTML, like Gecko) Ubuntu Chromium/62.0.3202.94 Chrome/62.0.3202.94 Safari/537.36"
::1 - - [05/Jan/2018:09:15:42 +0000] "GET /users/login HTTP/1.1" 200 166 "-" "Mozilla/5.0 (X11; Linux x86_64) AppleWebKit/537.36 (KHTML, like Gecko) Ubuntu Chromium/62.0.3202.94 Chrome/62.0.3202.94 Safari/537.36"
::1 - - [05/Jan/2018:09:15:42 +0000] "GET /favicon.ico HTTP/1.1" 404 9 "http://localhost:3030/users/login" "Mozilla/5.0 (X11; Linux x86_64) AppleWebKit/537.36 (KHTML, like Gecko) Ubuntu Chromium/62.0.3202.94 Chrome/62.0.3202.94 Safari/537.36"
::1 - - [05/Jan/2018:09:15:53 +0000] "POST /users/login HTTP/1.1" 404 9 "http://localhost:3030/users/login" "Mozilla/5.0 (X11; Linux x86_64) AppleWebKit/537.36 (KHTML, like Gecko) Ubuntu Chromium/62.0.3202.94 Chrome/62.0.3202.94 Safari/537.36"
::1 - - [05/Jan/2018:09:16:02 +0000] "GET /users/new HTTP/1.1" 200 431 "-" "Mozilla/5.0 (X11; Linux x86_64) AppleWebKit/537.36 (KHTML, like Gecko) Ubuntu Chromium/62.0.3202.94 Chrome/62.0.3202.94 Safari/537.36"
::1 - - [05/Jan/2018:09:18:04 +0000] "POST /users/new HTTP/1.1" 404 9 "http://localhost:3030/users/new" "Mozilla/5.0 (X11; Linux x86_64) AppleWebKit/537.36 (KHTML, like Gecko) Ubuntu Chromium/62.0.3202.94 Chrome/62.0.3202.94 Safari/537.36"
::1 - - [05/Jan/2018:09:24:45 +0000] "POST /users/new HTTP/1.1" 404 9 "http://localhost:3030/users/new" "Mozilla/5.0 (X11; Linux x86_64) AppleWebKit/537.36 (KHTML, like Gecko) Ubuntu Chromium/62.0.3202.94 Chrome/62.0.3202.94 Safari/537.36"
::1 - - [05/Jan/2018:09:27:44 +0000] "POST /users/new HTTP/1.1" 302 43 "http://localhost:3030/users/new" "Mozilla/5.0 (X11; Linux x86_64) AppleWebKit/537.36 (KHTML, like Gecko) Ubuntu Chromium/62.0.3202.94 Chrome/62.0.3202.94 Safari/537.36"
::1 - - [05/Jan/2018:09:27:44 +0000] "GET /users HTTP/1.1" 302 55 "http://localhost:3030/users/new" "Mozilla/5.0 (X11; Linux x86_64) AppleWebKit/537.36 (KHTML, like Gecko) Ubuntu Chromium/62.0.3202.94 Chrome/62.0.3202.94 Safari/537.36"
::1 - - [05/Jan/2018:09:27:44 +0000] "GET /users/login HTTP/1.1" 200 166 "http://localhost:3030/users/new" "Mozilla/5.0 (X11; Linux x86_64) AppleWebKit/537.36 (KHTML, like Gecko) Ubuntu Chromium/62.0.3202.94 Chrome/62.0.3202.94 Safari/537.36"
::1 - - [05/Jan/2018:09:28:40 +0000] "POST /users/login HTTP/1.1" 404 9 "http://localhost:3030/users/login" "Mozilla/5.0 (X11; Linux x86_64) AppleWebKit/537.36 (KHTML, like Gecko) Ubuntu Chromium/62.0.3202.94 Chrome/62.0.3202.94 Safari/537.36"
::1 - - [05/Jan/2018:09:29:22 +0000] "POST /users/login HTTP/1.1" 404 9 "http://localhost:3030/users/login" "Mozilla/5.0 (X11; Linux x86_64) AppleWebKit/537.36 (KHTML, like Gecko) Ubuntu Chromium/62.0.3202.94 Chrome/62.0.3202.94 Safari/537.36"
::1 - - [05/Jan/2018:09:54:44 +0000] "GET /users/new HTTP/1.1" 200 431 "-" "Mozilla/5.0 (X11; Linux x86_64) AppleWebKit/537.36 (KHTML, like Gecko) Ubuntu Chromium/62.0.3202.94 Chrome/62.0.3202.94 Safari/537.36"
::1 - - [05/Jan/2018:09:54:52 +0000] "POST /users/new HTTP/1.1" 200 57 "http://localhost:3030/users/new" "Mozilla/5.0 (X11; Linux x86_64) AppleWebKit/537.36 (KHTML, like Gecko) Ubuntu Chromium/62.0.3202.94 Chrome/62.0.3202.94 Safari/537.36"
::1 - - [05/Jan/2018:09:55:12 +0000] "POST /users/new HTTP/1.1" 200 98 "http://localhost:3030/users/new" "Mozilla/5.0 (X11; Linux x86_64) AppleWebKit/537.36 (KHTML, like Gecko) Ubuntu Chromium/62.0.3202.94 Chrome/62.0.3202.94 Safari/537.36"
::1 - - [05/Jan/2018:09:58:46 +0000] "POST /users/new HTTP/1.1" 302 43 "http://localhost:3030/users/new" "Mozilla/5.0 (X11; Linux x86_64) AppleWebKit/537.36 (KHTML, like Gecko) Ubuntu Chromium/62.0.3202.94 Chrome/62.0.3202.94 Safari/537.36"
::1 - - [05/Jan/2018:09:58:46 +0000] "GET /users HTTP/1.1" 302 55 "http://localhost:3030/users/new" "Mozilla/5.0 (X11; Linux x86_64) AppleWebKit/537.36 (KHTML, like Gecko) Ubuntu Chromium/62.0.3202.94 Chrome/62.0.3202.94 Safari/537.36"
::1 - - [05/Jan/2018:09:58:47 +0000] "GET /users/login HTTP/1.1" 200 166 "http://localhost:3030/users/new" "Mozilla/5.0 (X11; Linux x86_64) AppleWebKit/537.36 (KHTML, like Gecko) Ubuntu Chromium/62.0.3202.94 Chrome/62.0.3202.94 Safari/537.36"
::1 - - [05/Jan/2018:09:59:11 +0000] "GET /users/confirmation/id/$2a$10$RII1EAa9LE2D9AH9ONOYVKz4hsxuPobDmkxn1wCR1jyEroqcVO HTTP/1.1" 302 55 "-" "Mozilla/5.0 (X11; Linux x86_64) AppleWebKit/537.36 (KHTML, like Gecko) Ubuntu Chromium/62.0.3202.94 Chrome/62.0.3202.94 Safari/537.36"
::1 - - [05/Jan/2018:09:59:11 +0000] "GET /users/login HTTP/1.1" 200 166 "-" "Mozilla/5.0 (X11; Linux x86_64) AppleWebKit/537.36 (KHTML, like Gecko) Ubuntu Chromium/62.0.3202.94 Chrome/62.0.3202.94 Safari/537.36"
::1 - - [05/Jan/2018:09:59:19 +0000] "POST /users/login HTTP/1.1" 200 70 "http://localhost:3030/users/login" "Mozilla/5.0 (X11; Linux x86_64) AppleWebKit/537.36 (KHTML, like Gecko) Ubuntu Chromium/62.0.3202.94 Chrome/62.0.3202.94 Safari/537.36"
::1 - - [05/Jan/2018:10:00:26 +0000] "GET /users/confirmation/id/$2a$10$RII1EAa9LE2D9AH9ONOYVKz4hsxuPobDmkxn1wCR1jyEroqcVO HTTP/1.1" 302 55 "-" "Mozilla/5.0 (X11; Linux x86_64) AppleWebKit/537.36 (KHTML, like Gecko) Ubuntu Chromium/62.0.3202.94 Chrome/62.0.3202.94 Safari/537.36"
::1 - - [05/Jan/2018:10:00:26 +0000] "GET /users/login HTTP/1.1" 200 166 "-" "Mozilla/5.0 (X11; Linux x86_64) AppleWebKit/537.36 (KHTML, like Gecko) Ubuntu Chromium/62.0.3202.94 Chrome/62.0.3202.94 Safari/537.36"
::1 - - [05/Jan/2018:10:00:31 +0000] "POST /users/login HTTP/1.1" 200 70 "http://localhost:3030/users/login" "Mozilla/5.0 (X11; Linux x86_64) AppleWebKit/537.36 (KHTML, like Gecko) Ubuntu Chromium/62.0.3202.94 Chrome/62.0.3202.94 Safari/537.36"
::1 - - [05/Jan/2018:10:02:35 +0000] "GET /users/confirmation/id/$2a$10$RII1EAa9LE2D9AH9ONOYVKz4hsxuPobDmkxn1wCR1jyEroqcVO HTTP/1.1" 200 26 "-" "Mozilla/5.0 (X11; Linux x86_64) AppleWebKit/537.36 (KHTML, like Gecko) Ubuntu Chromium/62.0.3202.94 Chrome/62.0.3202.94 Safari/537.36"
::1 - - [05/Jan/2018:10:03:23 +0000] "GET /users/confirmation/id/$2a$10$RII1EAa9LE2D9AH9ONOYVKz4hsxuPobDmkxn1wCR1jyEroqcVO HTTP/1.1" 200 27 "-" "Mozilla/5.0 (X11; Linux x86_64) AppleWebKit/537.36 (KHTML, like Gecko) Ubuntu Chromium/62.0.3202.94 Chrome/62.0.3202.94 Safari/537.36"
::1 - - [05/Jan/2018:10:06:44 +0000] "GET /users/confirmation/id/$2a$10$RII1EAa9LE2D9AH9ONOYVKz4hsxuPobDmkxn1wCR1jyEroqcVO HTTP/1.1" 302 55 "-" "Mozilla/5.0 (X11; Linux x86_64) AppleWebKit/537.36 (KHTML, like Gecko) Ubuntu Chromium/62.0.3202.94 Chrome/62.0.3202.94 Safari/537.36"
::1 - - [05/Jan/2018:10:06:45 +0000] "GET /users/login HTTP/1.1" 200 166 "-" "Mozilla/5.0 (X11; Linux x86_64) AppleWebKit/537.36 (KHTML, like Gecko) Ubuntu Chromium/62.0.3202.94 Chrome/62.0.3202.94 Safari/537.36"
::1 - - [05/Jan/2018:10:06:51 +0000] "POST /users/login HTTP/1.1" 302 43 "http://localhost:3030/users/login" "Mozilla/5.0 (X11; Linux x86_64) AppleWebKit/537.36 (KHTML, like Gecko) Ubuntu Chromium/62.0.3202.94 Chrome/62.0.3202.94 Safari/537.36"
::1 - - [05/Jan/2018:10:06:53 +0000] "GET /users HTTP/1.1" 200 4364 "http://localhost:3030/users/login" "Mozilla/5.0 (X11; Linux x86_64) AppleWebKit/537.36 (KHTML, like Gecko) Ubuntu Chromium/62.0.3202.94 Chrome/62.0.3202.94 Safari/537.36"
::1 - - [05/Jan/2018:10:06:53 +0000] "GET /bootstrap/css/bootstrap.min.css HTTP/1.1" 200 127343 "http://localhost:3030/users" "Mozilla/5.0 (X11; Linux x86_64) AppleWebKit/537.36 (KHTML, like Gecko) Ubuntu Chromium/62.0.3202.94 Chrome/62.0.3202.94 Safari/537.36"
::1 - - [05/Jan/2018:10:06:53 +0000] "GET /font-awesome/css/font-awesome.min.css HTTP/1.1" 200 31000 "http://localhost:3030/users" "Mozilla/5.0 (X11; Linux x86_64) AppleWebKit/537.36 (KHTML, like Gecko) Ubuntu Chromium/62.0.3202.94 Chrome/62.0.3202.94 Safari/537.36"
::1 - - [05/Jan/2018:10:06:53 +0000] "GET /css/fontastic.css HTTP/1.1" 200 1266 "http://localhost:3030/users" "Mozilla/5.0 (X11; Linux x86_64) AppleWebKit/537.36 (KHTML, like Gecko) Ubuntu Chromium/62.0.3202.94 Chrome/62.0.3202.94 Safari/537.36"
::1 - - [05/Jan/2018:10:06:53 +0000] "GET /css/custom.css HTTP/1.1" 200 2377 "http://localhost:3030/users" "Mozilla/5.0 (X11; Linux x86_64) AppleWebKit/537.36 (KHTML, like Gecko) Ubuntu Chromium/62.0.3202.94 Chrome/62.0.3202.94 Safari/537.36"
::1 - - [05/Jan/2018:10:06:53 +0000] "GET /css/style.blue.css HTTP/1.1" 200 44623 "http://localhost:3030/users" "Mozilla/5.0 (X11; Linux x86_64) AppleWebKit/537.36 (KHTML, like Gecko) Ubuntu Chromium/62.0.3202.94 Chrome/62.0.3202.94 Safari/537.36"
::1 - - [05/Jan/2018:10:06:53 +0000] "GET /fancybox/jquery.fancybox.min.css HTTP/1.1" 200 13894 "http://localhost:3030/users" "Mozilla/5.0 (X11; Linux x86_64) AppleWebKit/537.36 (KHTML, like Gecko) Ubuntu Chromium/62.0.3202.94 Chrome/62.0.3202.94 Safari/537.36"
::1 - - [05/Jan/2018:10:06:54 +0000] "GET /bootstrap/js/bootstrap.min.js HTTP/1.1" 200 50564 "http://localhost:3030/users" "Mozilla/5.0 (X11; Linux x86_64) AppleWebKit/537.36 (KHTML, like Gecko) Ubuntu Chromium/62.0.3202.94 Chrome/62.0.3202.94 Safari/537.36"
::1 - - [05/Jan/2018:10:06:54 +0000] "GET /jquery.cookie/jquery.cookie.js HTTP/1.1" 200 3121 "http://localhost:3030/users" "Mozilla/5.0 (X11; Linux x86_64) AppleWebKit/537.36 (KHTML, like Gecko) Ubuntu Chromium/62.0.3202.94 Chrome/62.0.3202.94 Safari/537.36"
::1 - - [05/Jan/2018:10:06:54 +0000] "GET /fancybox/jquery.fancybox.min.js HTTP/1.1" 200 52657 "http://localhost:3030/users" "Mozilla/5.0 (X11; Linux x86_64) AppleWebKit/537.36 (KHTML, like Gecko) Ubuntu Chromium/62.0.3202.94 Chrome/62.0.3202.94 Safari/537.36"
::1 - - [05/Jan/2018:10:06:55 +0000] "GET /js/front.js HTTP/1.1" 200 3287 "http://localhost:3030/users" "Mozilla/5.0 (X11; Linux x86_64) AppleWebKit/537.36 (KHTML, like Gecko) Ubuntu Chromium/62.0.3202.94 Chrome/62.0.3202.94 Safari/537.36"
::1 - - [05/Jan/2018:10:06:55 +0000] "GET /js/map.js HTTP/1.1" 200 3073 "http://localhost:3030/users" "Mozilla/5.0 (X11; Linux x86_64) AppleWebKit/537.36 (KHTML, like Gecko) Ubuntu Chromium/62.0.3202.94 Chrome/62.0.3202.94 Safari/537.36"
::1 - - [05/Jan/2018:10:06:55 +0000] "GET /img/logo.png HTTP/1.1" 200 81023 "http://localhost:3030/users" "Mozilla/5.0 (X11; Linux x86_64) AppleWebKit/537.36 (KHTML, like Gecko) Ubuntu Chromium/62.0.3202.94 Chrome/62.0.3202.94 Safari/537.36"
::1 - - [05/Jan/2018:10:06:56 +0000] "GET /fonts/blog.woff HTTP/1.1" 200 1504 "http://localhost:3030/css/fontastic.css" "Mozilla/5.0 (X11; Linux x86_64) AppleWebKit/537.36 (KHTML, like Gecko) Ubuntu Chromium/62.0.3202.94 Chrome/62.0.3202.94 Safari/537.36"
::1 - - [05/Jan/2018:10:06:56 +0000] "GET /img/background.jpg HTTP/1.1" 200 787276 "http://localhost:3030/users" "Mozilla/5.0 (X11; Linux x86_64) AppleWebKit/537.36 (KHTML, like Gecko) Ubuntu Chromium/62.0.3202.94 Chrome/62.0.3202.94 Safari/537.36"
